TN:
SF:api/index.js
FN:25,(anonymous_0)
FNF:1
FNH:0
FNDA:0,(anonymous_0)
DA:2,9
DA:6,9
DA:7,9
DA:8,9
DA:10,0
DA:11,0
DA:13,0
DA:14,0
DA:18,9
DA:19,0
DA:21,0
DA:22,0
DA:23,0
DA:24,0
DA:25,0
DA:26,0
DA:31,9
DA:33,9
DA:34,9
DA:35,0
DA:36,0
DA:37,0
DA:40,9
LF:23
LH:9
BRDA:6,0,0,9
BRDA:6,0,1,0
BRDA:18,1,0,0
BRDA:18,1,1,9
BRDA:18,2,0,9
BRDA:18,2,1,0
BRDA:19,3,0,0
BRDA:19,3,1,0
BRDA:21,4,0,0
BRDA:21,4,1,0
BRDA:23,5,0,0
BRDA:23,5,1,0
BRDA:23,6,0,0
BRDA:23,6,1,0
BRDA:24,7,0,0
BRDA:24,7,1,0
BRDA:31,8,0,9
BRDA:31,8,1,0
BRDA:33,9,0,9
BRDA:33,9,1,0
BRDA:33,10,0,9
BRDA:33,10,1,9
BRDA:33,10,2,9
BRDA:33,10,3,9
BRDA:35,11,0,0
BRDA:35,11,1,0
BRDA:35,12,0,0
BRDA:35,12,1,0
BRDA:35,12,2,0
BRDA:35,12,3,0
BRDA:36,13,0,0
BRDA:36,13,1,0
BRF:32
BRH:9
end_of_record
TN:
SF:api/index.ts
FN:61,(anonymous_1)
FN:78,(anonymous_2)
FN:82,(anonymous_3)
FN:87,(anonymous_4)
FN:90,(anonymous_5)
FN:96,(anonymous_6)
FN:101,(anonymous_7)
FN:147,(anonymous_8)
FN:161,(anonymous_9)
FN:162,(anonymous_10)
FN:163,(anonymous_11)
FN:170,(anonymous_12)
FN:186,(anonymous_13)
FN:187,(anonymous_14)
FN:196,refreshCorsCache
FN:211,(anonymous_16)
FN:256,(anonymous_17)
FN:258,(anonymous_18)
FN:264,(anonymous_19)
FN:326,(anonymous_20)
FN:329,(anonymous_21)
FN:358,(anonymous_22)
FN:369,(anonymous_23)
FN:370,(anonymous_24)
FN:401,(anonymous_25)
FN:403,(anonymous_26)
FN:451,(anonymous_27)
FN:473,(anonymous_28)
FN:498,(anonymous_29)
FN:512,(anonymous_30)
FN:535,(anonymous_31)
FN:552,(anonymous_32)
FN:564,(anonymous_33)
FN:575,(anonymous_34)
FN:628,(anonymous_35)
FN:633,(anonymous_36)
FN:643,(anonymous_37)
FN:659,(anonymous_38)
FN:666,(anonymous_39)
FN:671,(anonymous_40)
FN:719,(anonymous_41)
FN:729,(anonymous_42)
FN:736,(anonymous_43)
FN:737,(anonymous_44)
FN:800,(anonymous_45)
FN:812,(anonymous_46)
FN:836,(anonymous_47)
FN:858,(anonymous_48)
FN:895,(anonymous_49)
FN:941,(anonymous_50)
FN:952,(anonymous_51)
FN:977,(anonymous_52)
FN:997,(anonymous_53)
FN:1051,(anonymous_54)
FN:1062,(anonymous_55)
FN:1084,(anonymous_56)
FN:1136,(anonymous_57)
FN:1165,(anonymous_58)
FN:1210,(anonymous_59)
FN:1232,(anonymous_60)
FN:1291,(anonymous_61)
FN:1328,(anonymous_62)
FN:1351,(anonymous_63)
FN:1430,(anonymous_64)
FN:1482,(anonymous_65)
FN:1504,(anonymous_66)
FN:1553,(anonymous_67)
FN:1586,(anonymous_68)
FN:1603,(anonymous_69)
FN:1612,(anonymous_70)
FN:1627,(anonymous_71)
FN:1653,(anonymous_72)
FN:1681,(anonymous_73)
FN:1721,(anonymous_74)
FN:1757,(anonymous_75)
FN:1802,(anonymous_76)
FN:1837,(anonymous_77)
FN:1881,(anonymous_78)
FN:1952,(anonymous_79)
FN:1991,(anonymous_80)
FN:2031,(anonymous_81)
FN:2046,(anonymous_82)
FN:2052,(anonymous_83)
FN:2069,(anonymous_84)
FN:2105,(anonymous_85)
FN:2151,(anonymous_86)
FN:2181,(anonymous_87)
FN:2250,(anonymous_88)
FN:2306,(anonymous_89)
FN:2332,(anonymous_90)
FN:2373,(anonymous_91)
FN:2389,(anonymous_92)
FN:2393,(anonymous_93)
FN:2397,(anonymous_94)
FNF:94
FNH:12
FNDA:0,(anonymous_1)
FNDA:0,(anonymous_2)
FNDA:0,(anonymous_3)
FNDA:0,(anonymous_4)
FNDA:0,(anonymous_5)
FNDA:0,(anonymous_6)
FNDA:0,(anonymous_7)
FNDA:0,(anonymous_8)
FNDA:0,(anonymous_9)
FNDA:0,(anonymous_10)
FNDA:0,(anonymous_11)
FNDA:0,(anonymous_12)
FNDA:198,(anonymous_13)
FNDA:0,(anonymous_14)
FNDA:9,refreshCorsCache
FNDA:0,(anonymous_16)
FNDA:9,(anonymous_17)
FNDA:0,(anonymous_18)
FNDA:146,(anonymous_19)
FNDA:146,(anonymous_20)
FNDA:146,(anonymous_21)
FNDA:146,(anonymous_22)
FNDA:0,(anonymous_23)
FNDA:0,(anonymous_24)
FNDA:145,(anonymous_25)
FNDA:145,(anonymous_26)
FNDA:0,(anonymous_27)
FNDA:0,(anonymous_28)
FNDA:47,(anonymous_29)
FNDA:1504,(anonymous_30)
FNDA:0,(anonymous_31)
FNDA:0,(anonymous_32)
FNDA:0,(anonymous_33)
FNDA:0,(anonymous_34)
FNDA:0,(anonymous_35)
FNDA:0,(anonymous_36)
FNDA:0,(anonymous_37)
FNDA:0,(anonymous_38)
FNDA:0,(anonymous_39)
FNDA:0,(anonymous_40)
FNDA:0,(anonymous_41)
FNDA:0,(anonymous_42)
FNDA:0,(anonymous_43)
FNDA:0,(anonymous_44)
FNDA:0,(anonymous_45)
FNDA:0,(anonymous_46)
FNDA:0,(anonymous_47)
FNDA:0,(anonymous_48)
FNDA:0,(anonymous_49)
FNDA:0,(anonymous_50)
FNDA:0,(anonymous_51)
FNDA:0,(anonymous_52)
FNDA:0,(anonymous_53)
FNDA:0,(anonymous_54)
FNDA:0,(anonymous_55)
FNDA:0,(anonymous_56)
FNDA:0,(anonymous_57)
FNDA:0,(anonymous_58)
FNDA:0,(anonymous_59)
FNDA:0,(anonymous_60)
FNDA:0,(anonymous_61)
FNDA:0,(anonymous_62)
FNDA:0,(anonymous_63)
FNDA:0,(anonymous_64)
FNDA:0,(anonymous_65)
FNDA:0,(anonymous_66)
FNDA:0,(anonymous_67)
FNDA:0,(anonymous_68)
FNDA:0,(anonymous_69)
FNDA:0,(anonymous_70)
FNDA:0,(anonymous_71)
FNDA:0,(anonymous_72)
FNDA:0,(anonymous_73)
FNDA:0,(anonymous_74)
FNDA:0,(anonymous_75)
FNDA:0,(anonymous_76)
FNDA:0,(anonymous_77)
FNDA:0,(anonymous_78)
FNDA:0,(anonymous_79)
FNDA:0,(anonymous_80)
FNDA:0,(anonymous_81)
FNDA:0,(anonymous_82)
FNDA:0,(anonymous_83)
FNDA:0,(anonymous_84)
FNDA:0,(anonymous_85)
FNDA:0,(anonymous_86)
FNDA:0,(anonymous_87)
FNDA:0,(anonymous_88)
FNDA:0,(anonymous_89)
FNDA:0,(anonymous_90)
FNDA:6,(anonymous_91)
FNDA:0,(anonymous_92)
FNDA:0,(anonymous_93)
FNDA:0,(anonymous_94)
DA:1,9
DA:2,9
DA:3,9
DA:4,9
DA:5,9
DA:6,9
DA:7,9
DA:8,9
DA:16,9
DA:26,9
DA:32,9
DA:36,9
DA:38,9
DA:40,9
DA:42,9
DA:45,9
DA:61,9
DA:68,0
DA:78,9
DA:80,9
DA:82,9
DA:83,0
DA:84,0
DA:87,9
DA:88,0
DA:90,9
DA:91,0
DA:92,0
DA:93,0
DA:96,9
DA:97,0
DA:98,0
DA:101,9
DA:102,0
DA:147,9
DA:148,0
DA:161,9
DA:162,9
DA:163,9
DA:170,9
DA:171,0
DA:172,0
DA:173,0
DA:174,0
DA:175,0
DA:177,0
DA:186,9
DA:187,198
DA:188,0
DA:189,0
DA:190,0
DA:192,0
DA:197,9
DA:198,9
DA:204,0
DA:205,0
DA:206,0
DA:210,0
DA:212,0
DA:213,0
DA:214,0
DA:216,0
DA:222,0
DA:232,0
DA:234,0
DA:238,0
DA:240,9
DA:241,9
DA:249,9
DA:256,9
DA:257,9
DA:259,0
DA:263,9
DA:266,146
DA:269,0
DA:270,0
DA:274,0
DA:275,0
DA:276,0
DA:280,0
DA:286,0
DA:287,0
DA:288,0
DA:292,0
DA:293,0
DA:294,0
DA:295,0
DA:298,0
DA:302,0
DA:309,0
DA:326,9
DA:327,146
DA:329,146
DA:330,146
DA:331,146
DA:333,146
DA:334,0
DA:337,146
DA:338,146
DA:339,146
DA:341,146
DA:342,0
DA:345,146
DA:346,0
DA:351,146
DA:354,146
DA:358,9
DA:359,146
DA:360,0
DA:361,0
DA:363,0
DA:364,0
DA:369,0
DA:370,0
DA:371,0
DA:374,0
DA:375,0
DA:385,146
DA:388,9
DA:391,9
DA:398,9
DA:401,9
DA:402,145
DA:403,145
DA:404,145
DA:405,145
DA:414,145
DA:418,9
DA:419,9
DA:422,9
DA:430,9
DA:431,0
DA:432,0
DA:433,0
DA:434,0
DA:435,0
DA:438,9
DA:439,9
DA:444,9
DA:447,9
DA:448,9
DA:449,9
DA:451,9
DA:452,0
DA:453,0
DA:454,0
DA:456,0
DA:457,0
DA:458,0
DA:461,0
DA:462,0
DA:464,0
DA:465,0
DA:466,0
DA:469,0
DA:473,9
DA:475,0
DA:476,0
DA:477,0
DA:479,0
DA:480,0
DA:481,0
DA:482,0
DA:485,0
DA:494,0
DA:498,9
DA:499,47
DA:500,47
DA:503,47
DA:504,0
DA:505,0
DA:508,47
DA:509,47
DA:510,47
DA:511,47
DA:512,1504
DA:514,47
DA:515,47
DA:517,0
DA:518,0
DA:522,9
DA:528,9
DA:535,9
DA:536,0
DA:552,9
DA:553,0
DA:564,9
DA:565,0
DA:575,9
DA:576,0
DA:578,0
DA:584,0
DA:585,0
DA:588,0
DA:593,0
DA:619,0
DA:620,0
DA:628,9
DA:629,0
DA:630,0
DA:631,0
DA:633,0
DA:634,0
DA:635,0
DA:636,0
DA:637,0
DA:639,0
DA:643,9
DA:644,0
DA:645,0
DA:646,0
DA:650,9
DA:659,9
DA:660,0
DA:662,0
DA:663,0
DA:666,0
DA:667,0
DA:668,0
DA:670,0
DA:671,0
DA:672,0
DA:675,0
DA:679,0
DA:683,9
DA:719,9
DA:720,0
DA:729,9
DA:730,0
DA:731,0
DA:732,0
DA:735,0
DA:736,0
DA:737,0
DA:738,0
DA:739,0
DA:740,0
DA:744,0
DA:745,0
DA:746,0
DA:750,0
DA:751,0
DA:752,0
DA:755,0
DA:772,0
DA:773,0
DA:774,0
DA:775,0
DA:778,0
DA:794,0
DA:795,0
DA:800,9
DA:801,0
DA:812,9
DA:813,0
DA:814,0
DA:819,0
DA:820,0
DA:821,0
DA:822,0
DA:835,0
DA:836,0
DA:847,0
DA:853,0
DA:854,0
DA:858,9
DA:859,0
DA:860,0
DA:862,0
DA:863,0
DA:864,0
DA:867,0
DA:874,0
DA:875,0
DA:876,0
DA:877,0
DA:880,0
DA:886,0
DA:887,0
DA:892,9
DA:895,9
DA:896,0
DA:897,0
DA:905,0
DA:906,0
DA:907,0
DA:908,0
DA:911,0
DA:935,0
DA:936,0
DA:941,9
DA:943,0
DA:944,0
DA:952,9
DA:953,0
DA:956,0
DA:971,0
DA:972,0
DA:977,9
DA:978,0
DA:980,0
DA:987,0
DA:988,0
DA:997,9
DA:998,0
DA:1001,0
DA:1020,0
DA:1021,0
DA:1022,0
DA:1032,0
DA:1049,0
DA:1051,0
DA:1062,0
DA:1064,0
DA:1074,0
DA:1075,0
DA:1084,9
DA:1085,0
DA:1092,0
DA:1099,0
DA:1119,0
DA:1126,0
DA:1127,0
DA:1136,9
DA:1137,0
DA:1138,0
DA:1155,0
DA:1156,0
DA:1165,9
DA:1166,0
DA:1168,0
DA:1178,0
DA:1179,0
DA:1180,0
DA:1190,0
DA:1196,0
DA:1209,0
DA:1210,0
DA:1218,0
DA:1224,0
DA:1226,0
DA:1227,0
DA:1232,9
DA:1233,0
DA:1235,0
DA:1244,0
DA:1245,0
DA:1246,0
DA:1254,0
DA:1260,0
DA:1264,0
DA:1265,0
DA:1273,0
DA:1279,0
DA:1281,0
DA:1282,0
DA:1287,9
DA:1292,0
DA:1293,0
DA:1294,0
DA:1301,0
DA:1311,0
DA:1318,0
DA:1319,0
DA:1324,9
DA:1329,0
DA:1330,0
DA:1332,0
DA:1341,0
DA:1342,0
DA:1351,9
DA:1352,0
DA:1353,0
DA:1369,0
DA:1370,0
DA:1371,0
DA:1377,0
DA:1392,0
DA:1393,0
DA:1395,0
DA:1396,0
DA:1402,0
DA:1412,0
DA:1418,0
DA:1420,0
DA:1421,0
DA:1426,9
DA:1431,0
DA:1432,0
DA:1434,0
DA:1442,0
DA:1443,0
DA:1444,0
DA:1447,0
DA:1464,0
DA:1465,0
DA:1466,0
DA:1467,0
DA:1482,0
DA:1490,0
DA:1496,0
DA:1498,0
DA:1499,0
DA:1504,9
DA:1505,0
DA:1506,0
DA:1507,0
DA:1508,0
DA:1510,0
DA:1517,0
DA:1518,0
DA:1521,0
DA:1523,0
DA:1524,0
DA:1525,0
DA:1539,0
DA:1552,0
DA:1553,0
DA:1563,0
DA:1564,0
DA:1571,0
DA:1578,0
DA:1580,0
DA:1581,0
DA:1586,9
DA:1587,0
DA:1603,9
DA:1604,0
DA:1612,9
DA:1613,0
DA:1627,9
DA:1628,0
DA:1629,0
DA:1635,0
DA:1636,0
DA:1637,0
DA:1638,0
DA:1641,0
DA:1647,0
DA:1648,0
DA:1653,9
DA:1654,0
DA:1655,0
DA:1657,0
DA:1664,0
DA:1665,0
DA:1666,0
DA:1669,0
DA:1675,0
DA:1676,0
DA:1681,9
DA:1682,0
DA:1683,0
DA:1684,0
DA:1686,0
DA:1697,0
DA:1703,0
DA:1704,0
DA:1705,0
DA:1706,0
DA:1709,0
DA:1715,0
DA:1716,0
DA:1721,9
DA:1722,0
DA:1723,0
DA:1724,0
DA:1725,0
DA:1730,0
DA:1732,0
DA:1740,0
DA:1741,0
DA:1742,0
DA:1745,0
DA:1751,0
DA:1752,0
DA:1757,9
DA:1758,0
DA:1759,0
DA:1761,0
DA:1768,0
DA:1769,0
DA:1770,0
DA:1773,0
DA:1774,0
DA:1775,0
DA:1778,0
DA:1784,0
DA:1785,0
DA:1786,0
DA:1787,0
DA:1790,0
DA:1796,0
DA:1797,0
DA:1802,9
DA:1803,0
DA:1804,0
DA:1805,0
DA:1807,0
DA:1820,0
DA:1821,0
DA:1822,0
DA:1825,0
DA:1831,0
DA:1832,0
DA:1837,9
DA:1838,0
DA:1839,0
DA:1840,0
DA:1841,0
DA:1843,0
DA:1860,0
DA:1861,0
DA:1862,0
DA:1865,0
DA:1871,0
DA:1872,0
DA:1881,9
DA:1882,0
DA:1883,0
DA:1884,0
DA:1885,0
DA:1886,0
DA:1888,0
DA:1912,0
DA:1913,0
DA:1916,0
DA:1917,0
DA:1918,0
DA:1921,0
DA:1923,0
DA:1924,0
DA:1925,0
DA:1926,0
DA:1929,0
DA:1930,0
DA:1937,0
DA:1944,0
DA:1946,0
DA:1947,0
DA:1952,9
DA:1953,0
DA:1954,0
DA:1956,0
DA:1973,0
DA:1974,0
DA:1975,0
DA:1976,0
DA:1979,0
DA:1985,0
DA:1986,0
DA:1991,9
DA:1992,0
DA:1993,0
DA:1995,0
DA:2013,0
DA:2014,0
DA:2015,0
DA:2016,0
DA:2019,0
DA:2025,0
DA:2026,0
DA:2031,9
DA:2032,0
DA:2033,0
DA:2039,0
DA:2040,0
DA:2041,0
DA:2042,0
DA:2045,0
DA:2046,0
DA:2047,0
DA:2048,0
DA:2052,0
DA:2057,0
DA:2063,0
DA:2064,0
DA:2069,9
DA:2070,0
DA:2071,0
DA:2073,0
DA:2088,0
DA:2089,0
DA:2090,0
DA:2093,0
DA:2099,0
DA:2100,0
DA:2105,9
DA:2106,0
DA:2107,0
DA:2108,0
DA:2110,0
DA:2136,0
DA:2137,0
DA:2138,0
DA:2139,0
DA:2151,0
DA:2159,0
DA:2166,0
DA:2173,0
DA:2175,0
DA:2176,0
DA:2181,9
DA:2182,0
DA:2183,0
DA:2184,0
DA:2186,0
DA:2194,0
DA:2195,0
DA:2196,0
DA:2199,0
DA:2207,0
DA:2208,0
DA:2209,0
DA:2212,0
DA:2213,0
DA:2225,0
DA:2226,0
DA:2227,0
DA:2228,0
DA:2231,0
DA:2233,0
DA:2244,0
DA:2245,0
DA:2250,9
DA:2251,0
DA:2252,0
DA:2254,0
DA:2262,0
DA:2263,0
DA:2264,0
DA:2267,0
DA:2273,0
DA:2274,0
DA:2275,0
DA:2276,0
DA:2279,0
DA:2285,0
DA:2286,0
DA:2288,0
DA:2296,0
DA:2297,0
DA:2306,9
DA:2307,0
DA:2308,0
DA:2314,0
DA:2315,0
DA:2316,0
DA:2317,0
DA:2320,0
DA:2326,0
DA:2327,0
DA:2332,9
DA:2333,0
DA:2334,0
DA:2335,0
DA:2337,0
DA:2338,0
DA:2339,0
DA:2342,0
DA:2343,0
DA:2355,0
DA:2356,0
DA:2357,0
DA:2358,0
DA:2361,0
DA:2367,0
DA:2368,0
DA:2373,9
DA:2374,6
DA:2387,9
DA:2389,9
DA:2390,0
DA:2393,9
DA:2394,0
DA:2395,0
DA:2397,0
DA:2398,0
DA:2399,0
DA:2400,0
DA:2401,0
DA:2402,0
DA:2403,0
DA:2404,0
DA:2405,0
DA:2406,0
DA:2410,9
LF:687
LH:145
BRDA:40,0,0,9
BRDA:40,0,1,0
BRDA:46,1,0,9
BRDA:46,1,1,0
BRDA:54,2,0,0
BRDA:54,2,1,9
BRDA:66,3,0,0
BRDA:80,4,0,9
BRDA:80,4,1,0
BRDA:83,5,0,0
BRDA:83,5,1,0
BRDA:84,6,0,0
BRDA:84,6,1,0
BRDA:87,7,0,0
BRDA:88,8,0,0
BRDA:88,8,1,0
BRDA:88,9,0,0
BRDA:88,9,1,0
BRDA:88,10,0,0
BRDA:88,10,1,0
BRDA:92,11,0,0
BRDA:92,11,1,0
BRDA:92,12,0,0
BRDA:92,12,1,0
BRDA:93,13,0,0
BRDA:93,13,1,0
BRDA:98,14,0,0
BRDA:98,14,1,0
BRDA:98,15,0,0
BRDA:98,15,1,0
BRDA:102,16,0,0
BRDA:102,16,1,0
BRDA:148,17,0,0
BRDA:148,17,1,0
BRDA:172,18,0,0
BRDA:172,18,1,0
BRDA:189,19,0,0
BRDA:189,19,1,0
BRDA:204,20,0,0
BRDA:204,20,1,0
BRDA:224,21,0,0
BRDA:224,21,1,0
BRDA:266,22,0,146
BRDA:266,22,1,0
BRDA:269,23,0,0
BRDA:269,23,1,0
BRDA:269,24,0,0
BRDA:269,24,1,0
BRDA:274,25,0,0
BRDA:274,25,1,0
BRDA:286,26,0,0
BRDA:286,26,1,0
BRDA:293,27,0,0
BRDA:293,27,1,0
BRDA:293,28,0,0
BRDA:293,28,1,0
BRDA:293,28,2,0
BRDA:293,28,3,0
BRDA:306,29,0,0
BRDA:306,29,1,0
BRDA:307,30,0,0
BRDA:307,30,1,0
BRDA:330,31,0,146
BRDA:330,31,1,0
BRDA:330,32,0,146
BRDA:330,32,1,146
BRDA:333,33,0,0
BRDA:333,33,1,146
BRDA:333,34,0,146
BRDA:333,34,1,146
BRDA:337,35,0,146
BRDA:337,35,1,0
BRDA:338,36,0,146
BRDA:338,36,1,0
BRDA:339,37,0,146
BRDA:339,37,1,0
BRDA:341,38,0,0
BRDA:341,38,1,146
BRDA:341,39,0,146
BRDA:341,39,1,146
BRDA:345,40,0,0
BRDA:345,40,1,146
BRDA:345,41,0,146
BRDA:345,41,1,146
BRDA:359,42,0,0
BRDA:359,42,1,146
BRDA:363,43,0,0
BRDA:363,43,1,0
BRDA:363,44,0,0
BRDA:363,44,1,0
BRDA:374,45,0,0
BRDA:374,45,1,0
BRDA:418,46,0,9
BRDA:418,46,1,0
BRDA:425,47,0,9
BRDA:425,47,1,0
BRDA:425,48,0,0
BRDA:425,48,1,0
BRDA:427,49,0,9
BRDA:427,49,1,0
BRDA:430,50,0,0
BRDA:430,50,1,9
BRDA:430,51,0,9
BRDA:430,51,1,9
BRDA:444,52,0,9
BRDA:444,52,1,0
BRDA:453,53,0,0
BRDA:453,53,1,0
BRDA:453,53,2,0
BRDA:454,54,0,0
BRDA:454,54,1,0
BRDA:456,55,0,0
BRDA:456,55,1,0
BRDA:464,56,0,0
BRDA:464,56,1,0
BRDA:475,57,0,0
BRDA:475,57,1,0
BRDA:480,58,0,0
BRDA:480,58,1,0
BRDA:480,59,0,0
BRDA:480,59,1,0
BRDA:485,60,0,0
BRDA:485,60,1,0
BRDA:503,61,0,0
BRDA:503,61,1,47
BRDA:518,62,0,0
BRDA:518,62,1,0
BRDA:539,63,0,0
BRDA:539,63,1,0
BRDA:540,64,0,0
BRDA:540,64,1,0
BRDA:599,65,0,0
BRDA:599,65,1,0
BRDA:608,66,0,0
BRDA:608,66,1,0
BRDA:609,67,0,0
BRDA:609,67,1,0
BRDA:610,68,0,0
BRDA:610,68,1,0
BRDA:613,69,0,0
BRDA:613,69,1,0
BRDA:630,70,0,0
BRDA:630,70,1,0
BRDA:633,71,0,0
BRDA:633,71,1,0
BRDA:635,72,0,0
BRDA:635,72,1,0
BRDA:643,73,0,0
BRDA:662,74,0,0
BRDA:662,74,1,0
BRDA:670,75,0,0
BRDA:670,75,1,0
BRDA:731,76,0,0
BRDA:731,77,0,0
BRDA:732,78,0,0
BRDA:732,78,1,0
BRDA:732,78,2,0
BRDA:735,79,0,0
BRDA:735,79,1,0
BRDA:738,80,0,0
BRDA:738,80,1,0
BRDA:744,81,0,0
BRDA:744,81,1,0
BRDA:763,82,0,0
BRDA:763,82,1,0
BRDA:772,83,0,0
BRDA:772,83,1,0
BRDA:819,84,0,0
BRDA:819,84,1,0
BRDA:835,85,0,0
BRDA:835,85,1,0
BRDA:840,86,0,0
BRDA:840,86,1,0
BRDA:843,87,0,0
BRDA:843,87,1,0
BRDA:862,88,0,0
BRDA:862,88,1,0
BRDA:874,89,0,0
BRDA:874,89,1,0
BRDA:874,90,0,0
BRDA:874,90,1,0
BRDA:905,91,0,0
BRDA:905,91,1,0
BRDA:905,92,0,0
BRDA:905,92,1,0
BRDA:917,93,0,0
BRDA:917,93,1,0
BRDA:918,94,0,0
BRDA:918,94,1,0
BRDA:1020,95,0,0
BRDA:1020,95,1,0
BRDA:1049,96,0,0
BRDA:1049,96,1,0
BRDA:1053,97,0,0
BRDA:1053,97,1,0
BRDA:1101,98,0,0
BRDA:1101,98,1,0
BRDA:1102,99,0,0
BRDA:1102,99,1,0
BRDA:1103,100,0,0
BRDA:1103,100,1,0
BRDA:1104,101,0,0
BRDA:1104,101,1,0
BRDA:1143,102,0,0
BRDA:1143,102,1,0
BRDA:1178,103,0,0
BRDA:1178,103,1,0
BRDA:1209,104,0,0
BRDA:1209,104,1,0
BRDA:1212,105,0,0
BRDA:1212,105,1,0
BRDA:1212,105,2,0
BRDA:1214,106,0,0
BRDA:1214,106,1,0
BRDA:1244,107,0,0
BRDA:1244,107,1,0
BRDA:1267,108,0,0
BRDA:1267,108,1,0
BRDA:1267,108,2,0
BRDA:1269,109,0,0
BRDA:1269,109,1,0
BRDA:1294,110,0,0
BRDA:1294,110,1,0
BRDA:1303,111,0,0
BRDA:1303,111,1,0
BRDA:1305,112,0,0
BRDA:1305,112,1,0
BRDA:1306,113,0,0
BRDA:1306,113,1,0
BRDA:1307,114,0,0
BRDA:1307,114,1,0
BRDA:1369,115,0,0
BRDA:1369,115,1,0
BRDA:1392,116,0,0
BRDA:1392,116,1,0
BRDA:1405,117,0,0
BRDA:1405,117,1,0
BRDA:1442,118,0,0
BRDA:1442,118,1,0
BRDA:1442,119,0,0
BRDA:1442,119,1,0
BRDA:1464,120,0,0
BRDA:1464,120,1,0
BRDA:1482,121,0,0
BRDA:1482,121,1,0
BRDA:1484,122,0,0
BRDA:1484,122,1,0
BRDA:1517,123,0,0
BRDA:1517,123,1,0
BRDA:1523,124,0,0
BRDA:1523,124,1,0
BRDA:1552,125,0,0
BRDA:1552,125,1,0
BRDA:1568,126,0,0
BRDA:1568,126,1,0
BRDA:1635,127,0,0
BRDA:1635,127,1,0
BRDA:1644,128,0,0
BRDA:1644,128,1,0
BRDA:1664,129,0,0
BRDA:1664,129,1,0
BRDA:1664,130,0,0
BRDA:1664,130,1,0
BRDA:1689,131,0,0
BRDA:1689,131,1,0
BRDA:1703,132,0,0
BRDA:1703,132,1,0
BRDA:1703,133,0,0
BRDA:1703,133,1,0
BRDA:1740,134,0,0
BRDA:1740,134,1,0
BRDA:1740,135,0,0
BRDA:1740,135,1,0
BRDA:1768,136,0,0
BRDA:1768,136,1,0
BRDA:1773,137,0,0
BRDA:1773,137,1,0
BRDA:1784,138,0,0
BRDA:1784,138,1,0
BRDA:1820,139,0,0
BRDA:1820,139,1,0
BRDA:1820,140,0,0
BRDA:1820,140,1,0
BRDA:1860,141,0,0
BRDA:1860,141,1,0
BRDA:1860,142,0,0
BRDA:1860,142,1,0
BRDA:1912,143,0,0
BRDA:1912,143,1,0
BRDA:1916,144,0,0
BRDA:1916,144,1,0
BRDA:1923,145,0,0
BRDA:1923,145,1,0
BRDA:1929,146,0,0
BRDA:1929,146,1,0
BRDA:1931,147,0,0
BRDA:1931,147,1,0
BRDA:1934,148,0,0
BRDA:1934,148,1,0
BRDA:1973,149,0,0
BRDA:1973,149,1,0
BRDA:1982,150,0,0
BRDA:1982,150,1,0
BRDA:2013,151,0,0
BRDA:2013,151,1,0
BRDA:2022,152,0,0
BRDA:2022,152,1,0
BRDA:2039,153,0,0
BRDA:2039,153,1,0
BRDA:2046,154,0,0
BRDA:2046,154,1,0
BRDA:2047,155,0,0
BRDA:2047,155,1,0
BRDA:2048,156,0,0
BRDA:2048,156,1,0
BRDA:2088,157,0,0
BRDA:2088,157,1,0
BRDA:2088,158,0,0
BRDA:2088,158,1,0
BRDA:2136,159,0,0
BRDA:2136,159,1,0
BRDA:2151,160,0,0
BRDA:2151,160,1,0
BRDA:2160,161,0,0
BRDA:2160,161,1,0
BRDA:2163,162,0,0
BRDA:2163,162,1,0
BRDA:2184,163,0,0
BRDA:2194,164,0,0
BRDA:2194,164,1,0
BRDA:2194,165,0,0
BRDA:2194,165,1,0
BRDA:2207,166,0,0
BRDA:2207,166,1,0
BRDA:2225,167,0,0
BRDA:2225,167,1,0
BRDA:2225,168,0,0
BRDA:2225,168,1,0
BRDA:2262,169,0,0
BRDA:2262,169,1,0
BRDA:2262,170,0,0
BRDA:2262,170,1,0
BRDA:2273,171,0,0
BRDA:2273,171,1,0
BRDA:2286,172,0,0
BRDA:2286,172,1,0
BRDA:2314,173,0,0
BRDA:2314,173,1,0
BRDA:2323,174,0,0
BRDA:2323,174,1,0
BRDA:2337,175,0,0
BRDA:2337,175,1,0
BRDA:2337,176,0,0
BRDA:2337,176,1,0
BRDA:2347,177,0,0
BRDA:2347,177,1,0
BRDA:2355,178,0,0
BRDA:2355,178,1,0
BRDA:2355,179,0,0
BRDA:2355,179,1,0
BRDA:2394,180,0,0
BRDA:2394,180,1,0
BRDA:2395,181,0,0
BRDA:2395,181,1,0
BRF:364
BRH:29
end_of_record
TN:
SF:api/test-marketplace-setup.js
FNF:0
FNH:0
DA:10,0
DA:11,0
DA:13,0
LF:3
LH:0
BRF:0
BRH:0
end_of_record
TN:
SF:api/dist/index.js
FN:2,(anonymous_0)
FN:34,(anonymous_1)
FN:44,(anonymous_2)
FN:46,(anonymous_3)
FN:50,(anonymous_4)
FN:51,(anonymous_5)
FN:56,(anonymous_6)
FN:60,(anonymous_7)
FN:61,(anonymous_8)
FN:62,(anonymous_9)
FN:63,(anonymous_10)
FN:64,(anonymous_11)
FN:65,(anonymous_12)
FN:74,(anonymous_13)
FN:74,(anonymous_14)
FN:82,refreshCorsCache
FN:95,(anonymous_16)
FN:137,(anonymous_17)
FN:139,(anonymous_18)
FN:144,(anonymous_19)
FN:201,(anonymous_20)
FN:203,(anonymous_21)
FN:225,(anonymous_22)
FN:234,(anonymous_23)
FN:235,(anonymous_24)
FN:260,(anonymous_25)
FN:262,(anonymous_26)
FN:302,(anonymous_27)
FN:319,(anonymous_28)
FN:342,(anonymous_29)
FN:354,(anonymous_30)
FN:374,(anonymous_31)
FN:390,(anonymous_32)
FN:401,(anonymous_33)
FN:410,(anonymous_34)
FN:459,(anonymous_35)
FN:464,(anonymous_36)
FN:473,(anonymous_37)
FN:487,(anonymous_38)
FN:492,(anonymous_39)
FN:496,(anonymous_40)
FN:535,(anonymous_41)
FN:544,(anonymous_42)
FN:550,(anonymous_43)
FN:551,(anonymous_44)
FN:608,(anonymous_45)
FN:619,(anonymous_46)
FN:631,(anonymous_47)
FN:652,(anonymous_48)
FN:684,(anonymous_49)
FN:728,(anonymous_50)
FN:737,(anonymous_51)
FN:762,(anonymous_52)
FN:781,(anonymous_53)
FN:818,(anonymous_54)
FN:828,(anonymous_55)
FN:848,(anonymous_56)
FN:892,(anonymous_57)
FN:920,(anonymous_58)
FN:950,(anonymous_59)
FN:970,(anonymous_60)
FN:1020,(anonymous_61)
FN:1046,(anonymous_62)
FN:1067,(anonymous_63)
FN:1124,(anonymous_64)
FN:1159,(anonymous_65)
FN:1179,(anonymous_66)
FN:1213,(anonymous_67)
FN:1243,(anonymous_68)
FN:1259,(anonymous_69)
FN:1267,(anonymous_70)
FN:1280,(anonymous_71)
FN:1304,(anonymous_72)
FN:1329,(anonymous_73)
FN:1365,(anonymous_74)
FN:1397,(anonymous_75)
FN:1436,(anonymous_76)
FN:1468,(anonymous_77)
FN:1508,(anonymous_78)
FN:1571,(anonymous_79)
FN:1607,(anonymous_80)
FN:1644,(anonymous_81)
FN:1657,(anonymous_82)
FN:1662,(anonymous_83)
FN:1678,(anonymous_84)
FN:1711,(anonymous_85)
FN:1745,(anonymous_86)
FN:1772,(anonymous_87)
FN:1833,(anonymous_88)
FN:1877,(anonymous_89)
FN:1901,(anonymous_90)
FN:1938,(anonymous_91)
FN:1952,(anonymous_92)
FN:1956,(anonymous_93)
FN:1959,(anonymous_94)
FNF:95
FNH:0
FNDA:0,(anonymous_0)
FNDA:0,(anonymous_1)
FNDA:0,(anonymous_2)
FNDA:0,(anonymous_3)
FNDA:0,(anonymous_4)
FNDA:0,(anonymous_5)
FNDA:0,(anonymous_6)
FNDA:0,(anonymous_7)
FNDA:0,(anonymous_8)
FNDA:0,(anonymous_9)
FNDA:0,(anonymous_10)
FNDA:0,(anonymous_11)
FNDA:0,(anonymous_12)
FNDA:0,(anonymous_13)
FNDA:0,(anonymous_14)
FNDA:0,refreshCorsCache
FNDA:0,(anonymous_16)
FNDA:0,(anonymous_17)
FNDA:0,(anonymous_18)
FNDA:0,(anonymous_19)
FNDA:0,(anonymous_20)
FNDA:0,(anonymous_21)
FNDA:0,(anonymous_22)
FNDA:0,(anonymous_23)
FNDA:0,(anonymous_24)
FNDA:0,(anonymous_25)
FNDA:0,(anonymous_26)
FNDA:0,(anonymous_27)
FNDA:0,(anonymous_28)
FNDA:0,(anonymous_29)
FNDA:0,(anonymous_30)
FNDA:0,(anonymous_31)
FNDA:0,(anonymous_32)
FNDA:0,(anonymous_33)
FNDA:0,(anonymous_34)
FNDA:0,(anonymous_35)
FNDA:0,(anonymous_36)
FNDA:0,(anonymous_37)
FNDA:0,(anonymous_38)
FNDA:0,(anonymous_39)
FNDA:0,(anonymous_40)
FNDA:0,(anonymous_41)
FNDA:0,(anonymous_42)
FNDA:0,(anonymous_43)
FNDA:0,(anonymous_44)
FNDA:0,(anonymous_45)
FNDA:0,(anonymous_46)
FNDA:0,(anonymous_47)
FNDA:0,(anonymous_48)
FNDA:0,(anonymous_49)
FNDA:0,(anonymous_50)
FNDA:0,(anonymous_51)
FNDA:0,(anonymous_52)
FNDA:0,(anonymous_53)
FNDA:0,(anonymous_54)
FNDA:0,(anonymous_55)
FNDA:0,(anonymous_56)
FNDA:0,(anonymous_57)
FNDA:0,(anonymous_58)
FNDA:0,(anonymous_59)
FNDA:0,(anonymous_60)
FNDA:0,(anonymous_61)
FNDA:0,(anonymous_62)
FNDA:0,(anonymous_63)
FNDA:0,(anonymous_64)
FNDA:0,(anonymous_65)
FNDA:0,(anonymous_66)
FNDA:0,(anonymous_67)
FNDA:0,(anonymous_68)
FNDA:0,(anonymous_69)
FNDA:0,(anonymous_70)
FNDA:0,(anonymous_71)
FNDA:0,(anonymous_72)
FNDA:0,(anonymous_73)
FNDA:0,(anonymous_74)
FNDA:0,(anonymous_75)
FNDA:0,(anonymous_76)
FNDA:0,(anonymous_77)
FNDA:0,(anonymous_78)
FNDA:0,(anonymous_79)
FNDA:0,(anonymous_80)
FNDA:0,(anonymous_81)
FNDA:0,(anonymous_82)
FNDA:0,(anonymous_83)
FNDA:0,(anonymous_84)
FNDA:0,(anonymous_85)
FNDA:0,(anonymous_86)
FNDA:0,(anonymous_87)
FNDA:0,(anonymous_88)
FNDA:0,(anonymous_89)
FNDA:0,(anonymous_90)
FNDA:0,(anonymous_91)
FNDA:0,(anonymous_92)
FNDA:0,(anonymous_93)
FNDA:0,(anonymous_94)
DA:2,0
DA:3,0
DA:5,0
DA:6,0
DA:7,0
DA:8,0
DA:9,0
DA:10,0
DA:11,0
DA:12,0
DA:13,0
DA:14,0
DA:15,0
DA:16,0
DA:17,0
DA:18,0
DA:19,0
DA:20,0
DA:21,0
DA:23,0
DA:34,0
DA:35,0
DA:44,0
DA:45,0
DA:46,0
DA:47,0
DA:48,0
DA:50,0
DA:51,0
DA:52,0
DA:53,0
DA:54,0
DA:56,0
DA:57,0
DA:58,0
DA:60,0
DA:61,0
DA:62,0
DA:63,0
DA:64,0
DA:65,0
DA:66,0
DA:67,0
DA:68,0
DA:69,0
DA:70,0
DA:72,0
DA:74,0
DA:75,0
DA:76,0
DA:77,0
DA:79,0
DA:83,0
DA:84,0
DA:89,0
DA:90,0
DA:91,0
DA:94,0
DA:96,0
DA:97,0
DA:98,0
DA:101,0
DA:106,0
DA:116,0
DA:117,0
DA:121,0
DA:124,0
DA:125,0
DA:131,0
DA:137,0
DA:138,0
DA:140,0
DA:143,0
DA:146,0
DA:147,0
DA:149,0
DA:150,0
DA:153,0
DA:154,0
DA:155,0
DA:158,0
DA:163,0
DA:164,0
DA:165,0
DA:168,0
DA:169,0
DA:170,0
DA:171,0
DA:175,0
DA:178,0
DA:185,0
DA:201,0
DA:202,0
DA:203,0
DA:204,0
DA:205,0
DA:206,0
DA:207,0
DA:209,0
DA:210,0
DA:211,0
DA:212,0
DA:213,0
DA:215,0
DA:216,0
DA:220,0
DA:222,0
DA:225,0
DA:226,0
DA:227,0
DA:228,0
DA:229,0
DA:230,0
DA:234,0
DA:235,0
DA:236,0
DA:237,0
DA:247,0
DA:249,0
DA:251,0
DA:258,0
DA:260,0
DA:261,0
DA:262,0
DA:263,0
DA:264,0
DA:273,0
DA:276,0
DA:277,0
DA:279,0
DA:286,0
DA:287,0
DA:288,0
DA:289,0
DA:290,0
DA:291,0
DA:293,0
DA:294,0
DA:297,0
DA:299,0
DA:300,0
DA:301,0
DA:302,0
DA:303,0
DA:304,0
DA:305,0
DA:306,0
DA:307,0
DA:308,0
DA:310,0
DA:311,0
DA:312,0
DA:313,0
DA:314,0
DA:316,0
DA:319,0
DA:321,0
DA:322,0
DA:323,0
DA:325,0
DA:326,0
DA:327,0
DA:328,0
DA:330,0
DA:339,0
DA:342,0
DA:343,0
DA:344,0
DA:346,0
DA:347,0
DA:348,0
DA:350,0
DA:351,0
DA:352,0
DA:353,0
DA:354,0
DA:355,0
DA:356,0
DA:359,0
DA:360,0
DA:363,0
DA:368,0
DA:374,0
DA:375,0
DA:390,0
DA:391,0
DA:401,0
DA:402,0
DA:410,0
DA:411,0
DA:413,0
DA:418,0
DA:419,0
DA:421,0
DA:425,0
DA:452,0
DA:453,0
DA:459,0
DA:460,0
DA:461,0
DA:462,0
DA:464,0
DA:465,0
DA:466,0
DA:467,0
DA:468,0
DA:470,0
DA:473,0
DA:474,0
DA:475,0
DA:476,0
DA:479,0
DA:487,0
DA:488,0
DA:489,0
DA:490,0
DA:492,0
DA:493,0
DA:494,0
DA:495,0
DA:496,0
DA:497,0
DA:501,0
DA:504,0
DA:507,0
DA:535,0
DA:536,0
DA:544,0
DA:545,0
DA:546,0
DA:547,0
DA:549,0
DA:550,0
DA:551,0
DA:552,0
DA:553,0
DA:554,0
DA:557,0
DA:558,0
DA:559,0
DA:562,0
DA:563,0
DA:564,0
DA:566,0
DA:582,0
DA:583,0
DA:584,0
DA:585,0
DA:587,0
DA:603,0
DA:604,0
DA:608,0
DA:609,0
DA:619,0
DA:620,0
DA:621,0
DA:625,0
DA:626,0
DA:627,0
DA:628,0
DA:630,0
DA:631,0
DA:641,0
DA:648,0
DA:649,0
DA:652,0
DA:653,0
DA:654,0
DA:655,0
DA:656,0
DA:657,0
DA:659,0
DA:665,0
DA:666,0
DA:667,0
DA:668,0
DA:670,0
DA:677,0
DA:678,0
DA:682,0
DA:684,0
DA:685,0
DA:686,0
DA:693,0
DA:694,0
DA:695,0
DA:696,0
DA:698,0
DA:723,0
DA:724,0
DA:728,0
DA:730,0
DA:731,0
DA:737,0
DA:738,0
DA:741,0
DA:757,0
DA:758,0
DA:762,0
DA:763,0
DA:765,0
DA:773,0
DA:774,0
DA:781,0
DA:782,0
DA:785,0
DA:803,0
DA:804,0
DA:805,0
DA:815,0
DA:817,0
DA:818,0
DA:828,0
DA:829,0
DA:840,0
DA:841,0
DA:848,0
DA:849,0
DA:851,0
DA:857,0
DA:876,0
DA:884,0
DA:885,0
DA:892,0
DA:893,0
DA:894,0
DA:912,0
DA:913,0
DA:920,0
DA:921,0
DA:923,0
DA:930,0
DA:931,0
DA:932,0
DA:941,0
DA:947,0
DA:949,0
DA:950,0
DA:957,0
DA:962,0
DA:965,0
DA:966,0
DA:970,0
DA:971,0
DA:973,0
DA:981,0
DA:982,0
DA:983,0
DA:990,0
DA:996,0
DA:999,0
DA:1000,0
DA:1007,0
DA:1012,0
DA:1015,0
DA:1016,0
DA:1020,0
DA:1021,0
DA:1022,0
DA:1023,0
DA:1024,0
DA:1033,0
DA:1041,0
DA:1042,0
DA:1046,0
DA:1047,0
DA:1048,0
DA:1049,0
DA:1059,0
DA:1060,0
DA:1067,0
DA:1068,0
DA:1069,0
DA:1084,0
DA:1085,0
DA:1086,0
DA:1092,0
DA:1094,0
DA:1095,0
DA:1096,0
DA:1097,0
DA:1102,0
DA:1111,0
DA:1116,0
DA:1119,0
DA:1120,0
DA:1124,0
DA:1125,0
DA:1126,0
DA:1127,0
DA:1134,0
DA:1135,0
DA:1136,0
DA:1138,0
DA:1154,0
DA:1155,0
DA:1156,0
DA:1157,0
DA:1159,0
DA:1166,0
DA:1171,0
DA:1174,0
DA:1175,0
DA:1179,0
DA:1180,0
DA:1181,0
DA:1182,0
DA:1183,0
DA:1184,0
DA:1190,0
DA:1191,0
DA:1193,0
DA:1194,0
DA:1195,0
DA:1196,0
DA:1210,0
DA:1212,0
DA:1213,0
DA:1222,0
DA:1223,0
DA:1229,0
DA:1235,0
DA:1238,0
DA:1239,0
DA:1243,0
DA:1244,0
DA:1259,0
DA:1260,0
DA:1267,0
DA:1268,0
DA:1280,0
DA:1281,0
DA:1282,0
DA:1287,0
DA:1288,0
DA:1289,0
DA:1290,0
DA:1292,0
DA:1299,0
DA:1300,0
DA:1304,0
DA:1305,0
DA:1306,0
DA:1307,0
DA:1313,0
DA:1314,0
DA:1315,0
DA:1317,0
DA:1324,0
DA:1325,0
DA:1329,0
DA:1330,0
DA:1331,0
DA:1332,0
DA:1333,0
DA:1343,0
DA:1348,0
DA:1349,0
DA:1350,0
DA:1351,0
DA:1353,0
DA:1360,0
DA:1361,0
DA:1365,0
DA:1366,0
DA:1367,0
DA:1368,0
DA:1369,0
DA:1373,0
DA:1374,0
DA:1381,0
DA:1382,0
DA:1383,0
DA:1385,0
DA:1392,0
DA:1393,0
DA:1397,0
DA:1398,0
DA:1399,0
DA:1400,0
DA:1406,0
DA:1407,0
DA:1408,0
DA:1410,0
DA:1411,0
DA:1412,0
DA:1414,0
DA:1419,0
DA:1420,0
DA:1421,0
DA:1422,0
DA:1424,0
DA:1431,0
DA:1432,0
DA:1436,0
DA:1437,0
DA:1438,0
DA:1439,0
DA:1440,0
DA:1452,0
DA:1453,0
DA:1454,0
DA:1456,0
DA:1463,0
DA:1464,0
DA:1468,0
DA:1469,0
DA:1470,0
DA:1471,0
DA:1472,0
DA:1473,0
DA:1489,0
DA:1490,0
DA:1491,0
DA:1493,0
DA:1500,0
DA:1501,0
DA:1508,0
DA:1509,0
DA:1510,0
DA:1511,0
DA:1512,0
DA:1513,0
DA:1514,0
DA:1537,0
DA:1538,0
DA:1540,0
DA:1541,0
DA:1542,0
DA:1544,0
DA:1545,0
DA:1546,0
DA:1547,0
DA:1548,0
DA:1550,0
DA:1551,0
DA:1557,0
DA:1563,0
DA:1566,0
DA:1567,0
DA:1571,0
DA:1572,0
DA:1573,0
DA:1574,0
DA:1590,0
DA:1591,0
DA:1592,0
DA:1593,0
DA:1595,0
DA:1602,0
DA:1603,0
DA:1607,0
DA:1608,0
DA:1609,0
DA:1610,0
DA:1627,0
DA:1628,0
DA:1629,0
DA:1630,0
DA:1632,0
DA:1639,0
DA:1640,0
DA:1644,0
DA:1645,0
DA:1646,0
DA:1651,0
DA:1652,0
DA:1653,0
DA:1654,0
DA:1656,0
DA:1657,0
DA:1658,0
DA:1659,0
DA:1662,0
DA:1666,0
DA:1673,0
DA:1674,0
DA:1678,0
DA:1679,0
DA:1680,0
DA:1681,0
DA:1695,0
DA:1696,0
DA:1697,0
DA:1699,0
DA:1706,0
DA:1707,0
DA:1711,0
DA:1712,0
DA:1713,0
DA:1714,0
DA:1715,0
DA:1740,0
DA:1741,0
DA:1742,0
DA:1743,0
DA:1745,0
DA:1752,0
DA:1758,0
DA:1764,0
DA:1767,0
DA:1768,0
DA:1772,0
DA:1773,0
DA:1774,0
DA:1775,0
DA:1776,0
DA:1783,0
DA:1784,0
DA:1785,0
DA:1787,0
DA:1794,0
DA:1795,0
DA:1796,0
DA:1798,0
DA:1799,0
DA:1810,0
DA:1811,0
DA:1812,0
DA:1813,0
DA:1815,0
DA:1816,0
DA:1828,0
DA:1829,0
DA:1833,0
DA:1834,0
DA:1835,0
DA:1836,0
DA:1843,0
DA:1844,0
DA:1845,0
DA:1847,0
DA:1852,0
DA:1853,0
DA:1854,0
DA:1855,0
DA:1857,0
DA:1858,0
DA:1859,0
DA:1860,0
DA:1869,0
DA:1870,0
DA:1877,0
DA:1878,0
DA:1879,0
DA:1884,0
DA:1885,0
DA:1886,0
DA:1887,0
DA:1889,0
DA:1896,0
DA:1897,0
DA:1901,0
DA:1902,0
DA:1903,0
DA:1904,0
DA:1905,0
DA:1906,0
DA:1907,0
DA:1909,0
DA:1910,0
DA:1921,0
DA:1922,0
DA:1923,0
DA:1924,0
DA:1926,0
DA:1933,0
DA:1934,0
DA:1938,0
DA:1939,0
DA:1951,0
DA:1952,0
DA:1953,0
DA:1955,0
DA:1956,0
DA:1957,0
DA:1958,0
DA:1959,0
DA:1960,0
DA:1961,0
DA:1962,0
DA:1963,0
DA:1964,0
DA:1965,0
DA:1966,0
DA:1967,0
DA:1968,0
DA:1971,0
DA:1972,0
LF:689
LH:0
BRDA:2,0,0,0
BRDA:2,0,1,0
BRDA:2,0,2,0
BRDA:3,1,0,0
BRDA:3,1,1,0
BRDA:3,2,0,0
BRDA:3,2,1,0
BRDA:20,3,0,0
BRDA:20,3,1,0
BRDA:24,4,0,0
BRDA:24,4,1,0
BRDA:28,5,0,0
BRDA:28,5,1,0
BRDA:34,6,0,0
BRDA:45,7,0,0
BRDA:45,7,1,0
BRDA:47,8,0,0
BRDA:47,8,1,0
BRDA:48,9,0,0
BRDA:48,9,1,0
BRDA:50,10,0,0
BRDA:50,11,0,0
BRDA:50,11,1,0
BRDA:50,12,0,0
BRDA:50,12,1,0
BRDA:50,13,0,0
BRDA:50,13,1,0
BRDA:53,14,0,0
BRDA:53,14,1,0
BRDA:53,15,0,0
BRDA:53,15,1,0
BRDA:54,16,0,0
BRDA:54,16,1,0
BRDA:58,17,0,0
BRDA:58,17,1,0
BRDA:58,18,0,0
BRDA:58,18,1,0
BRDA:60,19,0,0
BRDA:60,19,1,0
BRDA:61,20,0,0
BRDA:61,20,1,0
BRDA:67,21,0,0
BRDA:67,21,1,0
BRDA:76,22,0,0
BRDA:76,22,1,0
BRDA:89,23,0,0
BRDA:89,23,1,0
BRDA:108,24,0,0
BRDA:108,24,1,0
BRDA:146,25,0,0
BRDA:146,25,1,0
BRDA:149,26,0,0
BRDA:149,26,1,0
BRDA:149,27,0,0
BRDA:149,27,1,0
BRDA:153,28,0,0
BRDA:153,28,1,0
BRDA:163,29,0,0
BRDA:163,29,1,0
BRDA:169,30,0,0
BRDA:169,30,1,0
BRDA:169,31,0,0
BRDA:169,31,1,0
BRDA:169,31,2,0
BRDA:169,31,3,0
BRDA:182,32,0,0
BRDA:182,32,1,0
BRDA:183,33,0,0
BRDA:183,33,1,0
BRDA:204,34,0,0
BRDA:204,34,1,0
BRDA:204,35,0,0
BRDA:204,35,1,0
BRDA:206,36,0,0
BRDA:206,36,1,0
BRDA:206,37,0,0
BRDA:206,37,1,0
BRDA:209,38,0,0
BRDA:209,38,1,0
BRDA:210,39,0,0
BRDA:210,39,1,0
BRDA:211,40,0,0
BRDA:211,40,1,0
BRDA:212,41,0,0
BRDA:212,41,1,0
BRDA:212,42,0,0
BRDA:212,42,1,0
BRDA:215,43,0,0
BRDA:215,43,1,0
BRDA:215,44,0,0
BRDA:215,44,1,0
BRDA:226,45,0,0
BRDA:226,45,1,0
BRDA:229,46,0,0
BRDA:229,46,1,0
BRDA:229,47,0,0
BRDA:229,47,1,0
BRDA:236,48,0,0
BRDA:236,48,1,0
BRDA:276,49,0,0
BRDA:276,49,1,0
BRDA:282,50,0,0
BRDA:282,50,1,0
BRDA:282,51,0,0
BRDA:282,51,1,0
BRDA:284,52,0,0
BRDA:284,52,1,0
BRDA:286,53,0,0
BRDA:286,53,1,0
BRDA:286,54,0,0
BRDA:286,54,1,0
BRDA:297,55,0,0
BRDA:297,55,1,0
BRDA:304,56,0,0
BRDA:304,56,1,0
BRDA:304,56,2,0
BRDA:305,57,0,0
BRDA:305,57,1,0
BRDA:306,58,0,0
BRDA:306,58,1,0
BRDA:312,59,0,0
BRDA:312,59,1,0
BRDA:321,60,0,0
BRDA:321,60,1,0
BRDA:326,61,0,0
BRDA:326,61,1,0
BRDA:326,62,0,0
BRDA:326,62,1,0
BRDA:330,63,0,0
BRDA:330,63,1,0
BRDA:346,64,0,0
BRDA:346,64,1,0
BRDA:360,65,0,0
BRDA:360,65,1,0
BRDA:378,66,0,0
BRDA:378,66,1,0
BRDA:379,67,0,0
BRDA:379,67,1,0
BRDA:431,68,0,0
BRDA:431,68,1,0
BRDA:440,69,0,0
BRDA:440,69,1,0
BRDA:441,70,0,0
BRDA:441,70,1,0
BRDA:442,71,0,0
BRDA:442,71,1,0
BRDA:445,72,0,0
BRDA:445,72,1,0
BRDA:461,73,0,0
BRDA:461,73,1,0
BRDA:464,74,0,0
BRDA:464,74,1,0
BRDA:466,75,0,0
BRDA:466,75,1,0
BRDA:473,76,0,0
BRDA:489,77,0,0
BRDA:489,77,1,0
BRDA:495,78,0,0
BRDA:495,78,1,0
BRDA:546,79,0,0
BRDA:546,80,0,0
BRDA:547,81,0,0
BRDA:547,81,1,0
BRDA:547,81,2,0
BRDA:549,82,0,0
BRDA:549,82,1,0
BRDA:552,83,0,0
BRDA:552,83,1,0
BRDA:557,84,0,0
BRDA:557,84,1,0
BRDA:574,85,0,0
BRDA:574,85,1,0
BRDA:582,86,0,0
BRDA:582,86,1,0
BRDA:625,87,0,0
BRDA:625,87,1,0
BRDA:630,88,0,0
BRDA:630,88,1,0
BRDA:635,89,0,0
BRDA:635,89,1,0
BRDA:638,90,0,0
BRDA:638,90,1,0
BRDA:655,91,0,0
BRDA:655,91,1,0
BRDA:665,92,0,0
BRDA:665,92,1,0
BRDA:665,93,0,0
BRDA:665,93,1,0
BRDA:693,94,0,0
BRDA:693,94,1,0
BRDA:693,95,0,0
BRDA:693,95,1,0
BRDA:704,96,0,0
BRDA:704,96,1,0
BRDA:705,97,0,0
BRDA:705,97,1,0
BRDA:803,98,0,0
BRDA:803,98,1,0
BRDA:817,99,0,0
BRDA:817,99,1,0
BRDA:820,100,0,0
BRDA:820,100,1,0
BRDA:859,101,0,0
BRDA:859,101,1,0
BRDA:860,102,0,0
BRDA:860,102,1,0
BRDA:861,103,0,0
BRDA:861,103,1,0
BRDA:862,104,0,0
BRDA:862,104,1,0
BRDA:899,105,0,0
BRDA:899,105,1,0
BRDA:930,106,0,0
BRDA:930,106,1,0
BRDA:949,107,0,0
BRDA:949,107,1,0
BRDA:952,108,0,0
BRDA:952,108,1,0
BRDA:952,108,2,0
BRDA:954,109,0,0
BRDA:954,109,1,0
BRDA:981,110,0,0
BRDA:981,110,1,0
BRDA:1002,111,0,0
BRDA:1002,111,1,0
BRDA:1002,111,2,0
BRDA:1004,112,0,0
BRDA:1004,112,1,0
BRDA:1023,113,0,0
BRDA:1023,113,1,0
BRDA:1026,114,0,0
BRDA:1026,114,1,0
BRDA:1028,115,0,0
BRDA:1028,115,1,0
BRDA:1029,116,0,0
BRDA:1029,116,1,0
BRDA:1030,117,0,0
BRDA:1030,117,1,0
BRDA:1084,118,0,0
BRDA:1084,118,1,0
BRDA:1094,119,0,0
BRDA:1094,119,1,0
BRDA:1105,120,0,0
BRDA:1105,120,1,0
BRDA:1134,121,0,0
BRDA:1134,121,1,0
BRDA:1134,122,0,0
BRDA:1134,122,1,0
BRDA:1154,123,0,0
BRDA:1154,123,1,0
BRDA:1159,124,0,0
BRDA:1159,124,1,0
BRDA:1161,125,0,0
BRDA:1161,125,1,0
BRDA:1190,126,0,0
BRDA:1190,126,1,0
BRDA:1194,127,0,0
BRDA:1194,127,1,0
BRDA:1212,128,0,0
BRDA:1212,128,1,0
BRDA:1227,129,0,0
BRDA:1227,129,1,0
BRDA:1287,130,0,0
BRDA:1287,130,1,0
BRDA:1295,131,0,0
BRDA:1295,131,1,0
BRDA:1313,132,0,0
BRDA:1313,132,1,0
BRDA:1313,133,0,0
BRDA:1313,133,1,0
BRDA:1336,134,0,0
BRDA:1336,134,1,0
BRDA:1348,135,0,0
BRDA:1348,135,1,0
BRDA:1348,136,0,0
BRDA:1348,136,1,0
BRDA:1381,137,0,0
BRDA:1381,137,1,0
BRDA:1381,138,0,0
BRDA:1381,138,1,0
BRDA:1406,139,0,0
BRDA:1406,139,1,0
BRDA:1410,140,0,0
BRDA:1410,140,1,0
BRDA:1419,141,0,0
BRDA:1419,141,1,0
BRDA:1452,142,0,0
BRDA:1452,142,1,0
BRDA:1452,143,0,0
BRDA:1452,143,1,0
BRDA:1489,144,0,0
BRDA:1489,144,1,0
BRDA:1489,145,0,0
BRDA:1489,145,1,0
BRDA:1537,146,0,0
BRDA:1537,146,1,0
BRDA:1540,147,0,0
BRDA:1540,147,1,0
BRDA:1545,148,0,0
BRDA:1545,148,1,0
BRDA:1550,149,0,0
BRDA:1550,149,1,0
BRDA:1552,150,0,0
BRDA:1552,150,1,0
BRDA:1555,151,0,0
BRDA:1555,151,1,0
BRDA:1590,152,0,0
BRDA:1590,152,1,0
BRDA:1598,153,0,0
BRDA:1598,153,1,0
BRDA:1627,154,0,0
BRDA:1627,154,1,0
BRDA:1635,155,0,0
BRDA:1635,155,1,0
BRDA:1651,156,0,0
BRDA:1651,156,1,0
BRDA:1657,157,0,0
BRDA:1657,157,1,0
BRDA:1658,158,0,0
BRDA:1658,158,1,0
BRDA:1659,159,0,0
BRDA:1659,159,1,0
BRDA:1695,160,0,0
BRDA:1695,160,1,0
BRDA:1695,161,0,0
BRDA:1695,161,1,0
BRDA:1740,162,0,0
BRDA:1740,162,1,0
BRDA:1745,163,0,0
BRDA:1745,163,1,0
BRDA:1753,164,0,0
BRDA:1753,164,1,0
BRDA:1756,165,0,0
BRDA:1756,165,1,0
BRDA:1775,166,0,0
BRDA:1783,167,0,0
BRDA:1783,167,1,0
BRDA:1783,168,0,0
BRDA:1783,168,1,0
BRDA:1794,169,0,0
BRDA:1794,169,1,0
BRDA:1810,170,0,0
BRDA:1810,170,1,0
BRDA:1810,171,0,0
BRDA:1810,171,1,0
BRDA:1843,172,0,0
BRDA:1843,172,1,0
BRDA:1843,173,0,0
BRDA:1843,173,1,0
BRDA:1852,174,0,0
BRDA:1852,174,1,0
BRDA:1859,175,0,0
BRDA:1859,175,1,0
BRDA:1884,176,0,0
BRDA:1884,176,1,0
BRDA:1892,177,0,0
BRDA:1892,177,1,0
BRDA:1905,178,0,0
BRDA:1905,178,1,0
BRDA:1905,179,0,0
BRDA:1905,179,1,0
BRDA:1914,180,0,0
BRDA:1914,180,1,0
BRDA:1921,181,0,0
BRDA:1921,181,1,0
BRDA:1921,182,0,0
BRDA:1921,182,1,0
BRDA:1957,183,0,0
BRDA:1957,183,1,0
BRDA:1958,184,0,0
BRDA:1958,184,1,0
BRF:371
BRH:0
end_of_record
TN:
SF:api/dist/test-marketplace-setup.js
FNF:0
FNH:0
DA:9,0
DA:10,0
DA:11,0
DA:12,0
LF:4
LH:0
BRF:0
BRH:0
end_of_record
TN:
SF:api/dist/middleware/auth.js
FN:13,(anonymous_0)
FN:18,(anonymous_1)
FN:21,(anonymous_2)
FN:29,(anonymous_3)
FN:38,(anonymous_4)
FN:44,(anonymous_5)
FN:65,(anonymous_6)
FN:79,(anonymous_7)
FN:79,(anonymous_8)
FN:93,(anonymous_9)
FN:125,(anonymous_10)
FN:125,(anonymous_11)
FN:139,(anonymous_12)
FNF:13
FNH:0
FNDA:0,(anonymous_0)
FNDA:0,(anonymous_1)
FNDA:0,(anonymous_2)
FNDA:0,(anonymous_3)
FNDA:0,(anonymous_4)
FNDA:0,(anonymous_5)
FNDA:0,(anonymous_6)
FNDA:0,(anonymous_7)
FNDA:0,(anonymous_8)
FNDA:0,(anonymous_9)
FNDA:0,(anonymous_10)
FNDA:0,(anonymous_11)
FNDA:0,(anonymous_12)
DA:2,0
DA:3,0
DA:4,0
DA:5,0
DA:6,0
DA:13,0
DA:14,0
DA:15,0
DA:17,0
DA:18,0
DA:19,0
DA:20,0
DA:21,0
DA:24,0
DA:27,0
DA:29,0
DA:38,0
DA:44,0
DA:45,0
DA:46,0
DA:47,0
DA:48,0
DA:49,0
DA:53,0
DA:54,0
DA:55,0
DA:57,0
DA:58,0
DA:63,0
DA:64,0
DA:65,0
DA:66,0
DA:71,0
DA:74,0
DA:75,0
DA:76,0
DA:79,0
DA:80,0
DA:81,0
DA:82,0
DA:83,0
DA:84,0
DA:86,0
DA:87,0
DA:88,0
DA:89,0
DA:90,0
DA:92,0
DA:93,0
DA:94,0
DA:95,0
DA:96,0
DA:98,0
DA:99,0
DA:100,0
DA:101,0
DA:102,0
DA:103,0
DA:105,0
DA:106,0
DA:107,0
DA:116,0
DA:119,0
DA:120,0
DA:121,0
DA:124,0
DA:125,0
DA:126,0
DA:127,0
DA:128,0
DA:129,0
DA:130,0
DA:132,0
DA:133,0
DA:134,0
DA:135,0
DA:136,0
DA:138,0
DA:139,0
DA:140,0
DA:141,0
DA:142,0
DA:143,0
DA:145,0
DA:146,0
DA:147,0
DA:148,0
DA:149,0
DA:150,0
DA:151,0
DA:153,0
DA:154,0
DA:155,0
DA:156,0
DA:159,0
DA:160,0
DA:161,0
DA:164,0
LF:98
LH:0
BRDA:14,0,0,0
BRDA:14,0,1,0
BRDA:20,1,0,0
BRDA:20,1,1,0
BRDA:48,2,0,0
BRDA:48,2,1,0
BRDA:48,3,0,0
BRDA:48,3,1,0
BRDA:81,4,0,0
BRDA:81,4,1,0
BRDA:81,5,0,0
BRDA:81,5,1,0
BRDA:87,6,0,0
BRDA:87,6,1,0
BRDA:94,7,0,0
BRDA:94,7,1,0
BRDA:100,8,0,0
BRDA:100,8,1,0
BRDA:100,9,0,0
BRDA:100,9,1,0
BRDA:110,10,0,0
BRDA:110,10,1,0
BRDA:110,10,2,0
BRDA:127,11,0,0
BRDA:127,11,1,0
BRDA:127,12,0,0
BRDA:127,12,1,0
BRDA:133,13,0,0
BRDA:133,13,1,0
BRDA:133,14,0,0
BRDA:133,14,1,0
BRDA:140,15,0,0
BRDA:140,15,1,0
BRDA:148,16,0,0
BRDA:148,16,1,0
BRDA:148,17,0,0
BRDA:148,17,1,0
BRF:37
BRH:0
end_of_record
TN:
SF:api/dist/middleware/error-handler.js
FN:5,(anonymous_0)
FN:21,(anonymous_1)
FNF:2
FNH:0
FNDA:0,(anonymous_0)
FNDA:0,(anonymous_1)
DA:2,0
DA:3,0
DA:4,0
DA:5,0
DA:6,0
DA:7,0
DA:8,0
DA:16,0
DA:17,0
DA:19,0
DA:21,0
DA:22,0
DA:23,0
DA:24,0
DA:26,0
DA:27,0
DA:29,0
LF:17
LH:0
BRDA:6,0,0,0
BRDA:6,0,1,0
BRDA:6,1,0,0
BRDA:6,1,1,0
BRDA:6,1,2,0
BRDA:6,1,3,0
BRDA:11,2,0,0
BRDA:11,2,1,0
BRDA:12,3,0,0
BRDA:12,3,1,0
BRDA:16,4,0,0
BRDA:16,4,1,0
BRDA:22,5,0,0
BRDA:22,5,1,0
BRDA:27,6,0,0
BRDA:27,6,1,0
BRF:16
BRH:0
end_of_record
TN:
SF:api/dist/services/database.js
FN:4,(anonymous_0)
FN:11,(anonymous_1)
FN:16,(anonymous_2)
FN:21,(anonymous_3)
FNF:4
FNH:0
FNDA:0,(anonymous_0)
FNDA:0,(anonymous_1)
FNDA:0,(anonymous_2)
FNDA:0,(anonymous_3)
DA:2,0
DA:3,0
DA:4,0
DA:10,0
DA:11,0
DA:12,0
DA:13,0
DA:15,0
DA:16,0
DA:17,0
DA:18,0
DA:20,0
DA:21,0
DA:22,0
DA:30,0
LF:15
LH:0
BRDA:7,0,0,0
BRDA:7,0,1,0
BRF:2
BRH:0
end_of_record
TN:
SF:api/dist/types/http.js
FNF:0
FNH:0
DA:2,0
LF:1
LH:0
BRF:0
BRH:0
end_of_record
TN:
SF:api/dist/types/index.js
FN:2,(anonymous_0)
FN:6,(anonymous_1)
FN:9,(anonymous_2)
FN:13,(anonymous_3)
FN:24,(anonymous_4)
FN:25,(anonymous_5)
FN:26,(anonymous_6)
FNF:7
FNH:0
FNDA:0,(anonymous_0)
FNDA:0,(anonymous_1)
FNDA:0,(anonymous_2)
FNDA:0,(anonymous_3)
FNDA:0,(anonymous_4)
FNDA:0,(anonymous_5)
FNDA:0,(anonymous_6)
DA:2,0
DA:3,0
DA:4,0
DA:5,0
DA:6,0
DA:8,0
DA:10,0
DA:11,0
DA:13,0
DA:14,0
DA:16,0
DA:17,0
DA:18,0
DA:19,0
DA:20,0
DA:21,0
DA:22,0
DA:23,0
DA:24,0
DA:25,0
DA:26,0
LF:21
LH:0
BRDA:2,0,0,0
BRDA:2,0,1,0
BRDA:2,0,2,0
BRDA:2,1,0,0
BRDA:2,1,1,0
BRDA:3,2,0,0
BRDA:3,2,1,0
BRDA:5,3,0,0
BRDA:5,3,1,0
BRDA:5,4,0,0
BRDA:5,4,1,0
BRDA:5,5,0,0
BRDA:5,5,1,0
BRDA:5,6,0,0
BRDA:5,6,1,0
BRDA:10,7,0,0
BRDA:10,7,1,0
BRDA:13,8,0,0
BRDA:13,8,1,0
BRDA:13,8,2,0
BRDA:14,9,0,0
BRDA:14,9,1,0
BRDA:14,10,0,0
BRDA:14,10,1,0
BRF:24
BRH:0
end_of_record
TN:
SF:api/dist/types/runtime.js
FN:5,(anonymous_0)
FN:13,(anonymous_1)
FN:26,(anonymous_2)
FN:31,(anonymous_3)
FN:39,(anonymous_4)
FNF:5
FNH:0
FNDA:0,(anonymous_0)
FNDA:0,(anonymous_1)
FNDA:0,(anonymous_2)
FNDA:0,(anonymous_3)
FNDA:0,(anonymous_4)
DA:2,0
DA:3,0
DA:4,0
DA:6,0
DA:14,0
DA:15,0
DA:25,0
DA:27,0
DA:30,0
DA:32,0
DA:40,0
LF:11
LH:0
BRDA:10,0,0,0
BRDA:10,0,1,0
BRDA:13,1,0,0
BRDA:20,2,0,0
BRDA:20,2,1,0
BRDA:21,3,0,0
BRDA:21,3,1,0
BRDA:35,4,0,0
BRDA:35,4,1,0
BRDA:39,5,0,0
BRF:10
BRH:0
end_of_record
TN:
SF:api/dist/types/api/responses.js
FNF:0
FNH:0
DA:2,0
LF:1
LH:0
BRF:0
BRH:0
end_of_record
TN:
SF:api/dist/types/database/entities.js
FNF:0
FNH:0
DA:2,0
DA:3,0
DA:4,0
LF:3
LH:0
BRF:0
BRH:0
end_of_record
TN:
SF:api/dist/types/database/marketplace.js
FN:4,(anonymous_0)
FNF:1
FNH:0
FNDA:0,(anonymous_0)
DA:2,0
DA:3,0
DA:4,0
DA:5,0
LF:4
LH:0
BRF:0
BRH:0
end_of_record
TN:
SF:api/dist/types/errors/index.js
FN:4,(anonymous_0)
FN:12,(anonymous_1)
FN:21,(anonymous_2)
FN:29,(anonymous_3)
FN:36,(anonymous_4)
FNF:5
FNH:0
FNDA:0,(anonymous_0)
FNDA:0,(anonymous_1)
FNDA:0,(anonymous_2)
FNDA:0,(anonymous_3)
FNDA:0,(anonymous_4)
DA:2,0
DA:3,0
DA:4,0
DA:11,0
DA:12,0
DA:20,0
DA:21,0
DA:28,0
DA:29,0
DA:35,0
DA:36,0
DA:42,0
LF:12
LH:0
BRDA:18,0,0,0
BRDA:18,0,1,0
BRDA:21,1,0,0
BRDA:29,2,0,0
BRDA:33,3,0,0
BRDA:33,3,1,0
BRDA:36,4,0,0
BRF:7
BRH:0
end_of_record
TN:
SF:api/dist/types/middleware/auth.js
FN:4,(anonymous_0)
FNF:1
FNH:0
FNDA:0,(anonymous_0)
DA:2,0
DA:3,0
DA:4,0
DA:5,0
LF:4
LH:0
BRF:0
BRH:0
end_of_record
TN:
SF:api/middleware/auth.ts
FN:33,(anonymous_0)
FN:40,(anonymous_1)
FN:44,(anonymous_2)
FN:53,(anonymous_3)
FN:63,(anonymous_4)
FN:76,(anonymous_5)
FN:108,(anonymous_6)
FN:123,(anonymous_7)
FN:124,(anonymous_8)
FN:142,(anonymous_9)
FN:179,(anonymous_10)
FN:180,(anonymous_11)
FN:198,(anonymous_12)
FNF:13
FNH:8
FNDA:0,(anonymous_0)
FNDA:0,(anonymous_1)
FNDA:0,(anonymous_2)
FNDA:0,(anonymous_3)
FNDA:47,(anonymous_4)
FNDA:3,(anonymous_5)
FNDA:0,(anonymous_6)
FNDA:9,(anonymous_7)
FNDA:6,(anonymous_8)
FNDA:6,(anonymous_9)
FNDA:9,(anonymous_10)
FNDA:133,(anonymous_11)
FNDA:101,(anonymous_12)
DA:6,9
DA:7,9
DA:9,9
DA:33,9
DA:34,0
DA:35,0
DA:38,0
DA:40,0
DA:41,0
DA:43,0
DA:44,0
DA:46,0
DA:50,0
DA:53,9
DA:63,9
DA:67,47
DA:76,9
DA:83,3
DA:84,3
DA:85,3
DA:87,3
DA:88,3
DA:92,3
DA:93,3
DA:94,3
DA:97,0
DA:99,0
DA:105,0
DA:106,0
DA:108,0
DA:109,0
DA:115,0
DA:117,0
DA:118,0
DA:119,0
DA:123,9
DA:124,9
DA:125,6
DA:127,6
DA:128,3
DA:129,3
DA:130,3
DA:133,3
DA:135,3
DA:136,0
DA:137,0
DA:138,0
DA:141,3
DA:142,6
DA:144,3
DA:145,3
DA:146,3
DA:149,0
DA:150,0
DA:152,0
DA:153,0
DA:154,0
DA:155,0
DA:158,0
DA:160,0
DA:161,0
DA:171,0
DA:173,0
DA:174,0
DA:175,0
DA:179,9
DA:180,9
DA:181,133
DA:183,133
DA:184,82
DA:185,82
DA:186,82
DA:189,51
DA:191,51
DA:192,0
DA:193,0
DA:194,0
DA:197,51
DA:198,101
DA:200,51
DA:201,7
DA:202,7
DA:203,7
DA:206,44
DA:207,44
DA:208,44
DA:210,44
DA:211,44
DA:212,44
DA:213,44
DA:216,0
DA:218,0
DA:219,0
DA:221,0
DA:223,0
DA:224,0
DA:225,0
LF:97
LH:52
BRDA:34,0,0,0
BRDA:34,0,1,0
BRDA:43,1,0,0
BRDA:43,1,1,0
BRDA:87,2,0,3
BRDA:87,2,1,0
BRDA:87,3,0,3
BRDA:87,3,1,0
BRDA:127,4,0,3
BRDA:127,4,1,3
BRDA:127,5,0,6
BRDA:127,5,1,3
BRDA:135,6,0,0
BRDA:135,6,1,3
BRDA:144,7,0,3
BRDA:144,7,1,0
BRDA:152,8,0,0
BRDA:152,8,1,0
BRDA:152,9,0,0
BRDA:152,9,1,0
BRDA:164,10,0,0
BRDA:164,10,1,0
BRDA:164,10,2,0
BRDA:183,11,0,82
BRDA:183,11,1,51
BRDA:183,12,0,133
BRDA:183,12,1,54
BRDA:191,13,0,0
BRDA:191,13,1,51
BRDA:191,14,0,51
BRDA:191,14,1,51
BRDA:200,15,0,7
BRDA:200,15,1,44
BRDA:210,16,0,44
BRDA:210,16,1,0
BRDA:210,17,0,44
BRDA:210,17,1,0
BRF:37
BRH:19
end_of_record
TN:
SF:api/middleware/error-handler.ts
FN:5,(anonymous_0)
FN:24,(anonymous_1)
FNF:2
FNH:2
FNDA:1,(anonymous_0)
FNDA:1,(anonymous_1)
DA:2,9
DA:5,9
DA:6,1
DA:7,0
DA:8,0
DA:17,1
DA:18,1
DA:21,0
DA:24,9
DA:25,1
DA:26,0
DA:27,0
DA:30,1
DA:31,1
LF:14
LH:9
BRDA:6,0,0,0
BRDA:6,0,1,1
BRDA:6,1,0,1
BRDA:6,1,1,1
BRDA:6,1,2,1
BRDA:6,1,3,0
BRDA:11,2,0,0
BRDA:11,2,1,0
BRDA:12,3,0,0
BRDA:12,3,1,0
BRDA:17,4,0,1
BRDA:17,4,1,0
BRDA:25,5,0,0
BRDA:25,5,1,1
BRDA:31,6,0,1
BRDA:31,6,1,0
BRF:16
BRH:7
end_of_record
TN:
SF:api/services/database.ts
FN:4,(anonymous_0)
FN:16,(anonymous_1)
FN:23,(anonymous_2)
FN:30,(anonymous_3)
FNF:4
FNH:2
FNDA:47,(anonymous_0)
FNDA:47,(anonymous_1)
FNDA:0,(anonymous_2)
FNDA:0,(anonymous_3)
DA:4,9
DA:9,47
DA:16,9
DA:19,47
DA:20,47
DA:23,9
DA:26,0
DA:27,0
DA:30,9
DA:35,0
LF:10
LH:7
BRDA:12,0,0,47
BRDA:12,0,1,47
BRF:2
BRH:2
end_of_record
TN:
SF:api/types/express.d.ts
FNF:0
FNH:0
LF:0
LH:0
BRF:0
BRH:0
end_of_record
TN:
SF:api/types/index.ts
FN:7,(anonymous_4)
FN:8,(anonymous_5)
FN:9,(anonymous_6)
FNF:3
FNH:3
FNDA:1,(anonymous_4)
FNDA:1,(anonymous_5)
FNDA:1,(anonymous_6)
DA:1,1
DA:2,1
DA:3,1
DA:4,1
DA:5,1
DA:6,1
DA:7,2
DA:8,2
DA:9,2
LF:9
LH:9
BRF:0
BRH:0
end_of_record
TN:
SF:api/types/runtime.ts
FN:7,(anonymous_0)
FN:15,(anonymous_1)
FN:29,(anonymous_2)
FN:35,(anonymous_3)
FN:43,(anonymous_4)
FNF:5
FNH:0
FNDA:0,(anonymous_0)
FNDA:0,(anonymous_1)
FNDA:0,(anonymous_2)
FNDA:0,(anonymous_3)
FNDA:0,(anonymous_4)
DA:6,1
DA:8,0
DA:16,0
DA:17,0
DA:28,1
DA:30,0
DA:34,1
DA:36,0
DA:44,0
LF:9
LH:3
BRDA:12,0,0,0
BRDA:12,0,1,0
BRDA:15,1,0,0
BRDA:22,2,0,0
BRDA:22,2,1,0
BRDA:23,3,0,0
BRDA:23,3,1,0
BRDA:39,4,0,0
BRDA:39,4,1,0
BRDA:43,5,0,0
BRF:10
BRH:0
end_of_record
TN:
SF:api/types/database/entities.ts
FNF:0
FNH:0
DA:3,9
LF:1
LH:1
BRF:0
BRH:0
end_of_record
TN:
SF:api/types/database/marketplace.ts
FN:5,(anonymous_0)
FNF:1
FNH:0
FNDA:0,(anonymous_0)
DA:5,1
LF:1
LH:1
BRF:0
BRH:0
end_of_record
TN:
SF:api/types/errors/index.ts
FN:29,(anonymous_0)
FN:37,(anonymous_1)
FN:58,(anonymous_2)
FN:70,(anonymous_3)
FN:81,(anonymous_4)
FNF:5
FNH:4
FNDA:1,(anonymous_0)
FNDA:140,(anonymous_1)
FNDA:0,(anonymous_2)
FNDA:139,(anonymous_3)
FNDA:1,(anonymous_4)
DA:29,9
DA:37,9
DA:38,140
DA:47,140
DA:52,0
DA:55,140
DA:58,9
DA:62,0
DA:70,9
DA:74,139
DA:81,9
DA:84,1
LF:12
LH:10
BRDA:47,0,0,0
BRDA:47,0,1,140
BRDA:47,1,0,140
BRDA:47,1,1,140
BRDA:47,1,2,140
BRDA:47,1,3,0
BRDA:47,1,4,0
BRDA:47,1,5,0
BRDA:60,2,0,0
BRDA:73,3,0,139
BRDA:78,4,0,0
BRDA:78,4,1,139
BRDA:83,5,0,0
BRF:13
BRH:6
end_of_record
TN:
SF:api/types/middleware/auth.ts
FN:28,(anonymous_0)
FNF:1
FNH:0
FNDA:0,(anonymous_0)
DA:28,1
DA:30,0
LF:2
LH:1
BRF:0
BRH:0
end_of_record
