TN:
SF:api/index.js
FN:54,(anonymous_0)
FN:56,(anonymous_1)
FN:93,(anonymous_2)
FN:114,(anonymous_3)
FN:127,(anonymous_4)
FN:132,(anonymous_5)
FN:136,(anonymous_6)
FN:157,(anonymous_7)
FN:186,(anonymous_8)
FN:189,(anonymous_9)
FN:252,(anonymous_10)
FN:273,(anonymous_11)
FN:310,(anonymous_12)
FN:313,(anonymous_13)
FN:340,(anonymous_14)
FN:357,(anonymous_15)
FN:369,(anonymous_16)
FN:381,(anonymous_17)
FN:396,(anonymous_18)
FN:404,(anonymous_19)
FN:419,(anonymous_20)
FN:443,(anonymous_21)
FN:486,(anonymous_22)
FN:517,(anonymous_23)
FN:548,(anonymous_24)
FN:576,(anonymous_25)
FN:603,(anonymous_26)
FN:640,(anonymous_27)
FN:675,(anonymous_28)
FN:691,(anonymous_29)
FN:707,(anonymous_30)
FN:715,(anonymous_31)
FN:729,(anonymous_32)
FN:759,(anonymous_33)
FN:791,(anonymous_34)
FN:832,(anonymous_35)
FN:872,(anonymous_36)
FN:926,(anonymous_37)
FN:964,(anonymous_38)
FN:1011,(anonymous_39)
FN:1077,(anonymous_40)
FN:1121,(anonymous_41)
FN:1166,(anonymous_42)
FN:1185,(anonymous_43)
FN:1192,(anonymous_44)
FN:1211,(anonymous_45)
FN:1251,(anonymous_46)
FN:1291,(anonymous_47)
FN:1319,(anonymous_48)
FN:1399,(anonymous_49)
FN:1456,(anonymous_50)
FN:1486,(anonymous_51)
FN:1532,(anonymous_52)
FN:1542,(anonymous_53)
FN:1551,(anonymous_54)
FN:1561,(anonymous_55)
FNF:56
FNH:11
FNDA:142,(anonymous_0)
FNDA:142,(anonymous_1)
FNDA:0,(anonymous_2)
FNDA:0,(anonymous_3)
FNDA:47,(anonymous_4)
FNDA:1504,(anonymous_5)
FNDA:6,(anonymous_6)
FNDA:6,(anonymous_7)
FNDA:0,(anonymous_8)
FNDA:0,(anonymous_9)
FNDA:130,(anonymous_10)
FNDA:101,(anonymous_11)
FNDA:0,(anonymous_12)
FNDA:0,(anonymous_13)
FNDA:0,(anonymous_14)
FNDA:0,(anonymous_15)
FNDA:0,(anonymous_16)
FNDA:0,(anonymous_17)
FNDA:0,(anonymous_18)
FNDA:0,(anonymous_19)
FNDA:0,(anonymous_20)
FNDA:0,(anonymous_21)
FNDA:0,(anonymous_22)
FNDA:0,(anonymous_23)
FNDA:0,(anonymous_24)
FNDA:0,(anonymous_25)
FNDA:0,(anonymous_26)
FNDA:0,(anonymous_27)
FNDA:0,(anonymous_28)
FNDA:0,(anonymous_29)
FNDA:0,(anonymous_30)
FNDA:0,(anonymous_31)
FNDA:0,(anonymous_32)
FNDA:0,(anonymous_33)
FNDA:0,(anonymous_34)
FNDA:0,(anonymous_35)
FNDA:0,(anonymous_36)
FNDA:0,(anonymous_37)
FNDA:0,(anonymous_38)
FNDA:0,(anonymous_39)
FNDA:0,(anonymous_40)
FNDA:0,(anonymous_41)
FNDA:0,(anonymous_42)
FNDA:0,(anonymous_43)
FNDA:0,(anonymous_44)
FNDA:0,(anonymous_45)
FNDA:0,(anonymous_46)
FNDA:0,(anonymous_47)
FNDA:0,(anonymous_48)
FNDA:0,(anonymous_49)
FNDA:0,(anonymous_50)
FNDA:0,(anonymous_51)
FNDA:6,(anonymous_52)
FNDA:1,(anonymous_53)
FNDA:143,(anonymous_54)
FNDA:0,(anonymous_55)
DA:2,8
DA:3,8
DA:7,8
DA:8,8
DA:9,8
DA:10,8
DA:11,8
DA:12,8
DA:13,8
DA:15,8
DA:18,8
DA:35,8
DA:41,8
DA:44,8
DA:51,8
DA:54,8
DA:55,142
DA:56,142
DA:57,142
DA:58,142
DA:67,142
DA:71,8
DA:72,8
DA:74,8
DA:75,0
DA:76,0
DA:77,0
DA:78,0
DA:79,0
DA:82,8
DA:83,8
DA:86,8
DA:89,8
DA:90,8
DA:91,8
DA:93,8
DA:94,0
DA:95,0
DA:96,0
DA:98,0
DA:99,0
DA:100,0
DA:103,0
DA:104,0
DA:106,0
DA:107,0
DA:110,0
DA:114,8
DA:116,0
DA:117,0
DA:119,0
DA:120,0
DA:121,0
DA:123,0
DA:127,8
DA:128,47
DA:129,47
DA:130,47
DA:131,47
DA:132,1504
DA:136,8
DA:137,6
DA:139,6
DA:140,3
DA:146,3
DA:148,3
DA:149,0
DA:156,3
DA:157,6
DA:159,3
DA:161,3
DA:162,3
DA:163,3
DA:170,3
DA:171,3
DA:172,3
DA:179,0
DA:187,0
DA:190,0
DA:194,0
DA:195,0
DA:204,0
DA:205,0
DA:208,0
DA:209,0
DA:216,0
DA:217,0
DA:219,0
DA:220,0
DA:221,0
DA:228,0
DA:229,0
DA:238,0
DA:239,0
DA:242,0
DA:243,0
DA:252,8
DA:253,130
DA:255,130
DA:256,79
DA:262,51
DA:264,51
DA:265,0
DA:272,51
DA:273,101
DA:275,51
DA:276,7
DA:282,44
DA:284,44
DA:287,44
DA:294,44
DA:295,44
DA:296,44
DA:303,0
DA:311,0
DA:314,0
DA:318,0
DA:319,0
DA:327,0
DA:328,0
DA:331,0
DA:332,0
DA:340,8
DA:341,0
DA:357,8
DA:358,0
DA:369,8
DA:370,0
DA:381,8
DA:382,0
DA:383,0
DA:384,0
DA:390,0
DA:396,8
DA:397,0
DA:404,8
DA:405,0
DA:406,0
DA:411,0
DA:412,0
DA:413,0
DA:419,0
DA:430,0
DA:435,0
DA:436,0
DA:443,8
DA:444,0
DA:445,0
DA:447,0
DA:448,0
DA:454,0
DA:461,0
DA:462,0
DA:463,0
DA:469,0
DA:474,0
DA:475,0
DA:483,8
DA:486,8
DA:487,0
DA:517,8
DA:518,0
DA:521,0
DA:534,0
DA:539,0
DA:540,0
DA:548,8
DA:549,0
DA:552,0
DA:558,0
DA:563,0
DA:564,0
DA:572,8
DA:577,0
DA:578,0
DA:582,0
DA:590,0
DA:591,0
DA:603,8
DA:604,0
DA:607,0
DA:622,0
DA:627,0
DA:628,0
DA:636,8
DA:641,0
DA:642,0
DA:646,0
DA:661,0
DA:666,0
DA:667,0
DA:675,8
DA:676,0
DA:691,8
DA:692,0
DA:707,8
DA:708,0
DA:715,8
DA:716,0
DA:729,8
DA:730,0
DA:731,0
DA:737,0
DA:738,0
DA:739,0
DA:745,0
DA:750,0
DA:751,0
DA:759,8
DA:760,0
DA:761,0
DA:763,0
DA:770,0
DA:771,0
DA:777,0
DA:782,0
DA:783,0
DA:791,8
DA:792,0
DA:793,0
DA:804,0
DA:810,0
DA:811,0
DA:812,0
DA:818,0
DA:823,0
DA:824,0
DA:832,8
DA:833,0
DA:834,0
DA:835,0
DA:841,0
DA:843,0
DA:851,0
DA:852,0
DA:858,0
DA:863,0
DA:864,0
DA:872,8
DA:873,0
DA:874,0
DA:877,0
DA:884,0
DA:885,0
DA:891,0
DA:892,0
DA:898,0
DA:904,0
DA:905,0
DA:906,0
DA:912,0
DA:917,0
DA:918,0
DA:926,8
DA:927,0
DA:928,0
DA:930,0
DA:943,0
DA:944,0
DA:950,0
DA:955,0
DA:956,0
DA:964,8
DA:965,0
DA:966,0
DA:967,0
DA:969,0
DA:986,0
DA:987,0
DA:993,0
DA:998,0
DA:999,0
DA:1011,8
DA:1012,0
DA:1013,0
DA:1016,0
DA:1041,0
DA:1042,0
DA:1046,0
DA:1047,0
DA:1051,0
DA:1053,0
DA:1055,0
DA:1056,0
DA:1057,0
DA:1063,0
DA:1068,0
DA:1069,0
DA:1077,8
DA:1078,0
DA:1079,0
DA:1082,0
DA:1099,0
DA:1100,0
DA:1101,0
DA:1107,0
DA:1112,0
DA:1113,0
DA:1121,8
DA:1122,0
DA:1123,0
DA:1126,0
DA:1144,0
DA:1145,0
DA:1146,0
DA:1152,0
DA:1157,0
DA:1158,0
DA:1166,8
DA:1167,0
DA:1169,0
DA:1175,0
DA:1176,0
DA:1177,0
DA:1184,0
DA:1185,0
DA:1186,0
DA:1187,0
DA:1192,0
DA:1197,0
DA:1202,0
DA:1203,0
DA:1211,8
DA:1212,0
DA:1213,0
DA:1215,0
DA:1230,0
DA:1231,0
DA:1237,0
DA:1242,0
DA:1243,0
DA:1251,8
DA:1252,0
DA:1253,0
DA:1256,0
DA:1282,0
DA:1283,0
DA:1284,0
DA:1291,0
DA:1299,0
DA:1310,0
DA:1311,0
DA:1319,8
DA:1320,0
DA:1321,0
DA:1322,0
DA:1325,0
DA:1333,0
DA:1334,0
DA:1341,0
DA:1349,0
DA:1350,0
DA:1357,0
DA:1369,0
DA:1370,0
DA:1371,0
DA:1378,0
DA:1380,0
DA:1390,0
DA:1391,0
DA:1399,8
DA:1400,0
DA:1401,0
DA:1404,0
DA:1412,0
DA:1413,0
DA:1420,0
DA:1425,0
DA:1426,0
DA:1427,0
DA:1434,0
DA:1436,0
DA:1443,0
DA:1444,0
DA:1456,8
DA:1457,0
DA:1458,0
DA:1464,0
DA:1465,0
DA:1466,0
DA:1472,0
DA:1477,0
DA:1478,0
DA:1486,8
DA:1487,0
DA:1488,0
DA:1489,0
DA:1491,0
DA:1492,0
DA:1498,0
DA:1510,0
DA:1511,0
DA:1512,0
DA:1518,0
DA:1523,0
DA:1524,0
DA:1532,8
DA:1533,6
DA:1542,8
DA:1543,1
DA:1544,1
DA:1551,8
DA:1553,143
DA:1557,8
DA:1558,0
DA:1559,0
DA:1561,0
DA:1562,0
DA:1563,0
DA:1564,0
DA:1565,0
DA:1566,0
DA:1567,0
DA:1568,0
DA:1569,0
DA:1570,0
LF:416
LH:112
BRDA:19,0,0,8
BRDA:19,0,1,0
BRDA:27,1,0,0
BRDA:27,1,1,8
BRDA:36,2,0,8
BRDA:36,2,1,0
BRDA:46,3,0,8
BRDA:46,3,1,0
BRDA:71,4,0,8
BRDA:71,4,1,0
BRDA:74,5,0,0
BRDA:74,5,1,8
BRDA:74,6,0,8
BRDA:74,6,1,8
BRDA:86,7,0,8
BRDA:86,7,1,0
BRDA:95,8,0,0
BRDA:95,8,1,0
BRDA:95,8,2,0
BRDA:96,9,0,0
BRDA:96,9,1,0
BRDA:98,10,0,0
BRDA:98,10,1,0
BRDA:106,11,0,0
BRDA:106,11,1,0
BRDA:116,12,0,0
BRDA:116,12,1,0
BRDA:120,13,0,0
BRDA:120,13,1,0
BRDA:120,14,0,0
BRDA:120,14,1,0
BRDA:139,15,0,3
BRDA:139,15,1,3
BRDA:139,16,0,6
BRDA:139,16,1,3
BRDA:148,17,0,0
BRDA:148,17,1,3
BRDA:148,18,0,3
BRDA:148,18,1,3
BRDA:159,19,0,3
BRDA:159,19,1,0
BRDA:170,20,0,3
BRDA:170,20,1,0
BRDA:170,21,0,3
BRDA:170,21,1,0
BRDA:182,22,0,0
BRDA:182,22,1,0
BRDA:219,23,0,0
BRDA:219,23,1,0
BRDA:219,24,0,0
BRDA:219,24,1,0
BRDA:232,25,0,0
BRDA:232,25,1,0
BRDA:232,25,2,0
BRDA:255,26,0,79
BRDA:255,26,1,51
BRDA:255,27,0,130
BRDA:255,27,1,54
BRDA:264,28,0,0
BRDA:264,28,1,51
BRDA:264,29,0,51
BRDA:264,29,1,51
BRDA:275,30,0,7
BRDA:275,30,1,44
BRDA:294,31,0,44
BRDA:294,31,1,0
BRDA:294,32,0,44
BRDA:294,32,1,0
BRDA:306,33,0,0
BRDA:306,33,1,0
BRDA:344,34,0,0
BRDA:344,34,1,0
BRDA:345,35,0,0
BRDA:345,35,1,0
BRDA:383,36,0,0
BRDA:383,36,1,0
BRDA:411,37,0,0
BRDA:411,37,1,0
BRDA:423,38,0,0
BRDA:423,38,1,0
BRDA:426,39,0,0
BRDA:426,39,1,0
BRDA:447,40,0,0
BRDA:447,40,1,0
BRDA:461,41,0,0
BRDA:461,41,1,0
BRDA:461,42,0,0
BRDA:461,42,1,0
BRDA:490,43,0,0
BRDA:490,43,1,0
BRDA:737,44,0,0
BRDA:737,44,1,0
BRDA:747,45,0,0
BRDA:747,45,1,0
BRDA:770,46,0,0
BRDA:770,46,1,0
BRDA:770,47,0,0
BRDA:770,47,1,0
BRDA:796,48,0,0
BRDA:796,48,1,0
BRDA:810,49,0,0
BRDA:810,49,1,0
BRDA:851,50,0,0
BRDA:851,50,1,0
BRDA:851,51,0,0
BRDA:851,51,1,0
BRDA:884,52,0,0
BRDA:884,52,1,0
BRDA:891,53,0,0
BRDA:891,53,1,0
BRDA:904,54,0,0
BRDA:904,54,1,0
BRDA:943,55,0,0
BRDA:943,55,1,0
BRDA:943,56,0,0
BRDA:943,56,1,0
BRDA:986,57,0,0
BRDA:986,57,1,0
BRDA:986,58,0,0
BRDA:986,58,1,0
BRDA:1013,59,0,0
BRDA:1013,60,0,0
BRDA:1041,61,0,0
BRDA:1041,61,1,0
BRDA:1046,62,0,0
BRDA:1046,62,1,0
BRDA:1055,63,0,0
BRDA:1055,63,1,0
BRDA:1065,64,0,0
BRDA:1065,64,1,0
BRDA:1079,65,0,0
BRDA:1079,66,0,0
BRDA:1099,67,0,0
BRDA:1099,67,1,0
BRDA:1109,68,0,0
BRDA:1109,68,1,0
BRDA:1123,69,0,0
BRDA:1144,70,0,0
BRDA:1144,70,1,0
BRDA:1154,71,0,0
BRDA:1154,71,1,0
BRDA:1175,72,0,0
BRDA:1175,72,1,0
BRDA:1186,73,0,0
BRDA:1186,73,1,0
BRDA:1187,74,0,0
BRDA:1187,74,1,0
BRDA:1230,75,0,0
BRDA:1230,75,1,0
BRDA:1230,76,0,0
BRDA:1230,76,1,0
BRDA:1253,77,0,0
BRDA:1253,78,0,0
BRDA:1282,79,0,0
BRDA:1282,79,1,0
BRDA:1322,80,0,0
BRDA:1333,81,0,0
BRDA:1333,81,1,0
BRDA:1333,82,0,0
BRDA:1333,82,1,0
BRDA:1349,83,0,0
BRDA:1349,83,1,0
BRDA:1369,84,0,0
BRDA:1369,84,1,0
BRDA:1412,85,0,0
BRDA:1412,85,1,0
BRDA:1412,86,0,0
BRDA:1412,86,1,0
BRDA:1425,87,0,0
BRDA:1425,87,1,0
BRDA:1464,88,0,0
BRDA:1464,88,1,0
BRDA:1474,89,0,0
BRDA:1474,89,1,0
BRDA:1491,90,0,0
BRDA:1491,90,1,0
BRDA:1510,91,0,0
BRDA:1510,91,1,0
BRDA:1510,92,0,0
BRDA:1510,92,1,0
BRDA:1557,93,0,0
BRDA:1557,93,1,8
BRDA:1558,94,0,0
BRDA:1558,94,1,0
BRDA:1559,95,0,0
BRDA:1559,95,1,0
BRF:186
BRH:31
end_of_record
